{"name": "KEY PRESSES страница", "status": "failed", "statusDetails": {"message": "AssertionError: Page URL expected to be 'https://the-internet.herokuapp.com/key_presses?'\nActual value: https://the-internet.herokuapp.com/key_presses \nCall log:\n  - Expect \"to_have_url\" with timeout 5000ms\n    9 × unexpected value \"https://the-internet.herokuapp.com/key_presses\"", "trace": "self = <test_updateVSdelet.TestMainPage object at 0x0000027CA8448C00>\nmain_page = <selector.main_page.MainPage object at 0x0000027CA851A510>\n\n    @allure.title(\"KEY PRESSES страница\")\n    def test_key_presses(self, main_page: MainPage):\n        with allure.step(\"Открываем основную страницу\"):\n            main_page.navigate()\n    \n        with allure.step(\"Открываем страницу KEY PRESSES\"):\n            main_page.page.locator(SelectMainPage.SELECT_MAIN_PAGE_KEY_PRESSES).scroll_into_view_if_needed()\n            main_page.page.click(SelectMainPage.SELECT_MAIN_PAGE_KEY_PRESSES)\n>           expect(main_page.page).to_have_url(Links.KEY_PRESSES)\nE           AssertionError: Page URL expected to be 'https://the-internet.herokuapp.com/key_presses?'\nE           Actual value: https://the-internet.herokuapp.com/key_presses \nE           Call log:\nE             - Expect \"to_have_url\" with timeout 5000ms\nE               9 × unexpected value \"https://the-internet.herokuapp.com/key_presses\"\n\ntest\\test_updateVSdelet.py:134: AssertionError"}, "steps": [{"name": "Открываем основную страницу", "status": "passed", "start": 1763386016610, "stop": 1763386018919}, {"name": "Открываем страницу KEY PRESSES", "status": "failed", "statusDetails": {"message": "AssertionError: Page URL expected to be 'https://the-internet.herokuapp.com/key_presses?'\nActual value: https://the-internet.herokuapp.com/key_presses \nCall log:\n  - Expect \"to_have_url\" with timeout 5000ms\n    9 × unexpected value \"https://the-internet.herokuapp.com/key_presses\"\n\n", "trace": "  File \"E:\\proekt\\pet_proekt\\test\\test_updateVSdelet.py\", line 134, in test_key_presses\n    expect(main_page.page).to_have_url(Links.KEY_PRESSES)\n    ~~~~~~~~~~~~~~~~~~~~~~~~~~~~~~~~~~^^^^^^^^^^^^^^^^^^^\n  File \"C:\\Users\\damir\\AppData\\Local\\Programs\\Python\\Python313\\Lib\\site-packages\\playwright\\sync_api\\_generated.py\", line 19086, in to_have_url\n    self._sync(\n    ~~~~~~~~~~^\n        self._impl_obj.to_have_url(\n        ^^^^^^^^^^^^^^^^^^^^^^^^^^^\n            urlOrRegExp=url_or_reg_exp, timeout=timeout, ignoreCase=ignore_case\n            ^^^^^^^^^^^^^^^^^^^^^^^^^^^^^^^^^^^^^^^^^^^^^^^^^^^^^^^^^^^^^^^^^^^\n        )\n        ^\n    )\n    ^\n  File \"C:\\Users\\damir\\AppData\\Local\\Programs\\Python\\Python313\\Lib\\site-packages\\playwright\\_impl\\_sync_base.py\", line 115, in _sync\n    return task.result()\n           ~~~~~~~~~~~^^\n  File \"C:\\Users\\damir\\AppData\\Local\\Programs\\Python\\Python313\\Lib\\site-packages\\playwright\\_impl\\_assertions.py\", line 145, in to_have_url\n    await self._expect_impl(\n    ...<5 lines>...\n    )\n  File \"C:\\Users\\damir\\AppData\\Local\\Programs\\Python\\Python313\\Lib\\site-packages\\playwright\\_impl\\_assertions.py\", line 83, in _expect_impl\n    raise AssertionError(\n        f\"{out_message}\\nActual value: {actual} {format_call_log(result.get('log'))}\"\n    )\n"}, "start": 1763386018919, "stop": 1763386024235}], "attachments": [{"name": "page_screenshot", "source": "d8c839d4-57a4-4f2d-98e0-d9079fefaaef-attachment.png", "type": "image/png"}, {"name": "page_source", "source": "07885f84-85c6-4ac7-a32d-06db46cf50b2-attachment.html", "type": "text/html"}], "parameters": [{"name": "browser_name", "value": "'chromium'"}], "start": 1763386016609, "stop": 1763386024236, "uuid": "3bf20eee-5b0e-4a04-9a5e-daba33a8c975", "historyId": "560adddd37da756c4b7192218087966d", "testCaseId": "66cea7fd68172f7c9c919a96c5574356", "fullName": "test.test_updateVSdelet.TestMainPage#test_key_presses", "labels": [{"name": "feature", "value": "Главная страница"}, {"name": "parentSuite", "value": "test"}, {"name": "suite", "value": "test_updateVSdelet"}, {"name": "subSuite", "value": "TestMainPage"}, {"name": "host", "value": "QA_Boss"}, {"name": "thread", "value": "16756-MainThread"}, {"name": "framework", "value": "pytest"}, {"name": "language", "value": "cpython3"}, {"name": "package", "value": "test.test_updateVSdelet"}], "titlePath": ["test", "test_updateVSdelet.py", "TestMainPage"]}