{"name": "Dropdown List страница", "status": "failed", "statusDetails": {"message": "AssertionError: Locator expected to have attribute 'selected'\nActual value: None \nCall log:\n  - Expect \"to_have_attribute\" with timeout 5000ms\n  - waiting for locator(\"option[value=\\\"1\\\"]\")\n    9 × locator resolved to <option value=\"1\">Option 1</option>\n      - unexpected value \"null\"", "trace": "self = <test_updateVSdelet.TestMainPage object at 0x00000245020071D0>\nmain_page = <selector.main_page.MainPage object at 0x00000245020F2510>\n\n    @allure.title(\"Dropdown List страница\")\n    def test_dropdown_list(self, main_page: MainPage):\n        with allure.step(\"Открываем основную страницу\"):\n            main_page.navigate()\n    \n        with allure.step(\"Открываем страницу Dropdown List\"):\n            main_page.page.click(SelectMainPage.SELECT_MAIN_PAGE_DROPDOWN_LIST)\n            expect(main_page.page).to_have_url(Links.DROPDOWN_LIST)\n    \n        with allure.step(\"Первый чекбокс не активированный, второй активированный\"):\n>           expect(main_page.page.locator(DropdownListElement.SELECT_DROPDOWN_OPTION_1)).to_have_attribute('selected', 'selected')\nE           AssertionError: Locator expected to have attribute 'selected'\nE           Actual value: None \nE           Call log:\nE             - Expect \"to_have_attribute\" with timeout 5000ms\nE             - waiting for locator(\"option[value=\\\"1\\\"]\")\nE               9 × locator resolved to <option value=\"1\">Option 1</option>\nE                 - unexpected value \"null\"\n\ntest\\test_updateVSdelet.py:104: AssertionError"}, "steps": [{"name": "Открываем основную страницу", "status": "passed", "start": 1763315051478, "stop": 1763315053765}, {"name": "Открываем страницу Dropdown List", "status": "passed", "start": 1763315053765, "stop": 1763315053987}, {"name": "Первый чекбокс не активированный, второй активированный", "status": "failed", "statusDetails": {"message": "AssertionError: Locator expected to have attribute 'selected'\nActual value: None \nCall log:\n  - Expect \"to_have_attribute\" with timeout 5000ms\n  - waiting for locator(\"option[value=\\\"1\\\"]\")\n    9 × locator resolved to <option value=\"1\">Option 1</option>\n      - unexpected value \"null\"\n\n", "trace": "  File \"E:\\proekt\\pet_proekt\\test\\test_updateVSdelet.py\", line 104, in test_dropdown_list\n    expect(main_page.page.locator(DropdownListElement.SELECT_DROPDOWN_OPTION_1)).to_have_attribute('selected', 'selected')\n    ~~~~~~~~~~~~~~~~~~~~~~~~~~~~~~~~~~~~~~~~~~~~~~~~~~~~~~~~~~~~~~~~~~~~~~~~~~~~~~~~~~~~~~~~~~~~~~^^^^^^^^^^^^^^^^^^^^^^^^\n  File \"C:\\Users\\damir\\AppData\\Local\\Programs\\Python\\Python313\\Lib\\site-packages\\playwright\\sync_api\\_generated.py\", line 19303, in to_have_attribute\n    self._sync(\n    ~~~~~~~~~~^\n        self._impl_obj.to_have_attribute(\n        ^^^^^^^^^^^^^^^^^^^^^^^^^^^^^^^^^\n            name=name, value=value, ignoreCase=ignore_case, timeout=timeout\n            ^^^^^^^^^^^^^^^^^^^^^^^^^^^^^^^^^^^^^^^^^^^^^^^^^^^^^^^^^^^^^^^\n        )\n        ^\n    )\n    ^\n  File \"C:\\Users\\damir\\AppData\\Local\\Programs\\Python\\Python313\\Lib\\site-packages\\playwright\\_impl\\_sync_base.py\", line 115, in _sync\n    return task.result()\n           ~~~~~~~~~~~^^\n  File \"C:\\Users\\damir\\AppData\\Local\\Programs\\Python\\Python313\\Lib\\site-packages\\playwright\\_impl\\_assertions.py\", line 264, in to_have_attribute\n    await self._expect_impl(\n    ...<7 lines>...\n    )\n  File \"C:\\Users\\damir\\AppData\\Local\\Programs\\Python\\Python313\\Lib\\site-packages\\playwright\\_impl\\_assertions.py\", line 83, in _expect_impl\n    raise AssertionError(\n        f\"{out_message}\\nActual value: {actual} {format_call_log(result.get('log'))}\"\n    )\n"}, "start": 1763315053987, "stop": 1763315058996}], "attachments": [{"name": "page_screenshot", "source": "573c9e1b-1457-4fe3-9641-f2705b56b0ad-attachment.png", "type": "image/png"}, {"name": "page_source", "source": "7dfbd9c7-d199-40f7-8f36-1ab7359ee726-attachment.html", "type": "text/html"}], "parameters": [{"name": "browser_name", "value": "'chromium'"}], "start": 1763315051478, "stop": 1763315058997, "uuid": "4c97cd42-7277-4c5c-97c3-2fd7f48a6f5d", "historyId": "3bc2704a3b3dfafcc37a4f42b1887b0f", "testCaseId": "33d4cb94f74475f10a634efeddb071b3", "fullName": "test.test_updateVSdelet.TestMainPage#test_dropdown_list", "labels": [{"name": "feature", "value": "Главная страница"}, {"name": "parentSuite", "value": "test"}, {"name": "suite", "value": "test_updateVSdelet"}, {"name": "subSuite", "value": "TestMainPage"}, {"name": "host", "value": "QA_Boss"}, {"name": "thread", "value": "20604-MainThread"}, {"name": "framework", "value": "pytest"}, {"name": "language", "value": "cpython3"}, {"name": "package", "value": "test.test_updateVSdelet"}], "titlePath": ["test", "test_updateVSdelet.py", "TestMainPage"]}