{"name": "CHECKBOXES страница", "status": "failed", "statusDetails": {"message": "AssertionError: Locator expected not to be checked\nActual value: checked \nCall log:\n  - Expect \"to_be_checked\" with timeout 5000ms\n  - waiting for locator(\"input[type=\\\"checkbox\\\"]\").first\n    9 × locator resolved to <input checked type=\"checkbox\"/>\n      - unexpected value \"checked\"", "trace": "self = <test_updateVSdelet.TestMainPage object at 0x000001BB0FE42190>\nmain_page = <selector.main_page.MainPage object at 0x000001BB0FF3E510>\n\n    @allure.title(\"CHECKBOXES страница\")\n    def test_checkboxes(self, main_page: MainPage):\n        with allure.step(\"Открываем основную страницу\"):\n            main_page.navigate()\n    \n        with allure.step(\"Открываем страницу CHECKBOXES\"):\n            main_page.page.click(SelectMainPage.SELECT_MAIN_PAGE_CHECKBOXES)\n            expect(main_page.page).to_have_url(Links.CHECKBOXES)\n    \n        with allure.step(\"Первый чекбокс не активированный, второй активированный\"):\n            expect(main_page.page.locator(CheckboxesElement.SELECT_CHECKBOXES_1)).not_to_be_checked()\n            expect(main_page.page.locator(CheckboxesElement.SELECT_CHECKBOXES_2)).to_be_checked()\n    \n        with allure.step(\"Меняет на первый активный, второй не активный\"):\n            main_page.page.click(CheckboxesElement.SELECT_CHECKBOXES_1)\n            main_page.page.click(CheckboxesElement.SELECT_CHECKBOXES_2)\n>           expect(main_page.page.locator(CheckboxesElement.SELECT_CHECKBOXES_1)).not_to_be_checked()\nE           AssertionError: Locator expected not to be checked\nE           Actual value: checked \nE           Call log:\nE             - Expect \"to_be_checked\" with timeout 5000ms\nE             - waiting for locator(\"input[type=\\\"checkbox\\\"]\").first\nE               9 × locator resolved to <input checked type=\"checkbox\"/>\nE                 - unexpected value \"checked\"\n\ntest\\test_updateVSdelet.py:57: AssertionError"}, "steps": [{"name": "Открываем основную страницу", "status": "passed", "start": 1763299177122, "stop": 1763299179443}, {"name": "Открываем страницу CHECKBOXES", "status": "passed", "start": 1763299179444, "stop": 1763299179662}, {"name": "Первый чекбокс не активированный, второй активированный", "status": "passed", "start": 1763299179662, "stop": 1763299179669}, {"name": "Меняет на первый активный, второй не активный", "status": "failed", "statusDetails": {"message": "AssertionError: Locator expected not to be checked\nActual value: checked \nCall log:\n  - Expect \"to_be_checked\" with timeout 5000ms\n  - waiting for locator(\"input[type=\\\"checkbox\\\"]\").first\n    9 × locator resolved to <input checked type=\"checkbox\"/>\n      - unexpected value \"checked\"\n\n", "trace": "  File \"E:\\proekt\\pet_proekt\\test\\test_updateVSdelet.py\", line 57, in test_checkboxes\n    expect(main_page.page.locator(CheckboxesElement.SELECT_CHECKBOXES_1)).not_to_be_checked()\n    ~~~~~~~~~~~~~~~~~~~~~~~~~~~~~~~~~~~~~~~~~~~~~~~~~~~~~~~~~~~~~~~~~~~~~~~~~~~~~~~~~~~~~~~^^\n  File \"C:\\Users\\damir\\AppData\\Local\\Programs\\Python\\Python313\\Lib\\site-packages\\playwright\\sync_api\\_generated.py\", line 20143, in not_to_be_checked\n    self._sync(self._impl_obj.not_to_be_checked(timeout=timeout))\n    ~~~~~~~~~~^^^^^^^^^^^^^^^^^^^^^^^^^^^^^^^^^^^^^^^^^^^^^^^^^^^\n  File \"C:\\Users\\damir\\AppData\\Local\\Programs\\Python\\Python313\\Lib\\site-packages\\playwright\\_impl\\_sync_base.py\", line 115, in _sync\n    return task.result()\n           ~~~~~~~~~~~^^\n  File \"C:\\Users\\damir\\AppData\\Local\\Programs\\Python\\Python313\\Lib\\site-packages\\playwright\\_impl\\_assertions.py\", line 642, in not_to_be_checked\n    await self._not.to_be_checked(timeout)\n  File \"C:\\Users\\damir\\AppData\\Local\\Programs\\Python\\Python313\\Lib\\site-packages\\playwright\\_impl\\_assertions.py\", line 621, in to_be_checked\n    await self._expect_impl(\n    ...<5 lines>...\n    )\n  File \"C:\\Users\\damir\\AppData\\Local\\Programs\\Python\\Python313\\Lib\\site-packages\\playwright\\_impl\\_assertions.py\", line 83, in _expect_impl\n    raise AssertionError(\n        f\"{out_message}\\nActual value: {actual} {format_call_log(result.get('log'))}\"\n    )\n"}, "start": 1763299179669, "stop": 1763299184742}], "attachments": [{"name": "page_screenshot", "source": "550dd75f-49d5-45d3-a927-5d5ae00f10db-attachment.png", "type": "image/png"}, {"name": "page_source", "source": "7f781702-fe47-4768-a80f-da840feadcca-attachment.html", "type": "text/html"}], "parameters": [{"name": "browser_name", "value": "'chromium'"}], "start": 1763299177122, "stop": 1763299184744, "uuid": "83d94ae3-4e2c-4e1d-9699-9eab4a18c09e", "historyId": "119d8f2aed85284bba1535546857b7ff", "testCaseId": "ced2ac15d7902bdf2eb5da8f54f47a97", "fullName": "test.test_updateVSdelet.TestMainPage#test_checkboxes", "labels": [{"name": "feature", "value": "Главная страница"}, {"name": "parentSuite", "value": "test"}, {"name": "suite", "value": "test_updateVSdelet"}, {"name": "subSuite", "value": "TestMainPage"}, {"name": "host", "value": "QA_Boss"}, {"name": "thread", "value": "2280-MainThread"}, {"name": "framework", "value": "pytest"}, {"name": "language", "value": "cpython3"}, {"name": "package", "value": "test.test_updateVSdelet"}], "titlePath": ["test", "test_updateVSdelet.py", "TestMainPage"]}