{"name": "test_all_auth[chromium-admin-admin-True]", "status": "failed", "statusDetails": {"message": "AssertionError: Locator expected to be visible\nActual value: <element(s) not found> \nCall log:\n  - Expect \"to_be_visible\" with timeout 5000ms\n  - waiting for locator(\"#content\")", "trace": "self = <test_updateVSdelet.TestMainPage object at 0x000001F2CDAE38C0>\nusername = 'admin', password = 'admin', status_auth = True\nmain_page = <selector.main_page.MainPage object at 0x000001F2CDB82BA0>\n\n    @pytest.mark.parametrize(\"username, password, status_auth\", [\n    (\"admin\", \"admin\", True),\n    (\"admin\", \"wrong\", False),\n    (\"wrong\", \"admin\", False),\n    (\"\", \"\", False)])\n    @allure.step('')\n    def test_all_auth(self, username, password, status_auth, main_page):\n        with allure.step('Создание контекста с тестовыми данными'):\n            browser = main_page.page.context.browser\n            context = browser.new_context(\n                http_credentials={\n                    'username': username,\n                    'password': password\n                } if username or password else None\n            )\n            auth_page = context.new_page()\n    \n        with allure.step(''):\n            auth_page.goto(\"https://the-internet.herokuapp.com/basic_auth\")\n    \n        with allure.step(''):\n            if status_auth:\n>               expect(main_page.page.locator('#content')).to_be_visible()\nE               AssertionError: Locator expected to be visible\nE               Actual value: <element(s) not found> \nE               Call log:\nE                 - Expect \"to_be_visible\" with timeout 5000ms\nE                 - waiting for locator(\"#content\")\n\ntest\\test_updateVSdelet.py:465: AssertionError"}, "steps": [{"status": "failed", "statusDetails": {"message": "AssertionError: Locator expected to be visible\nActual value: <element(s) not found> \nCall log:\n  - Expect \"to_be_visible\" with timeout 5000ms\n  - waiting for locator(\"#content\")\n\n", "trace": "  File \"C:\\Users\\damir\\AppData\\Local\\Programs\\Python\\Python313\\Lib\\site-packages\\allure_commons\\_allure.py\", line 202, in impl\n    return func(*a, **kw)\n  File \"E:\\proekt\\pet_proekt\\test\\test_updateVSdelet.py\", line 465, in test_all_auth\n    expect(main_page.page.locator('#content')).to_be_visible()\n    ~~~~~~~~~~~~~~~~~~~~~~~~~~~~~~~~~~~~~~~~~~~~~~~~~~~~~~~~^^\n  File \"C:\\Users\\damir\\AppData\\Local\\Programs\\Python\\Python313\\Lib\\site-packages\\playwright\\sync_api\\_generated.py\", line 20424, in to_be_visible\n    self._sync(self._impl_obj.to_be_visible(visible=visible, timeout=timeout))\n    ~~~~~~~~~~^^^^^^^^^^^^^^^^^^^^^^^^^^^^^^^^^^^^^^^^^^^^^^^^^^^^^^^^^^^^^^^^\n  File \"C:\\Users\\damir\\AppData\\Local\\Programs\\Python\\Python313\\Lib\\site-packages\\playwright\\_impl\\_sync_base.py\", line 115, in _sync\n    return task.result()\n           ~~~~~~~~~~~^^\n  File \"C:\\Users\\damir\\AppData\\Local\\Programs\\Python\\Python313\\Lib\\site-packages\\playwright\\_impl\\_assertions.py\", line 763, in to_be_visible\n    await self._expect_impl(\n    ...<5 lines>...\n    )\n  File \"C:\\Users\\damir\\AppData\\Local\\Programs\\Python\\Python313\\Lib\\site-packages\\playwright\\_impl\\_assertions.py\", line 83, in _expect_impl\n    raise AssertionError(\n        f\"{out_message}\\nActual value: {actual} {format_call_log(result.get('log'))}\"\n    )\n"}, "steps": [{"name": "Создание контекста с тестовыми данными", "status": "passed", "start": 1764783399688, "stop": 1764783399722}, {"status": "passed", "start": 1764783399722, "stop": 1764783405101}, {"status": "failed", "statusDetails": {"message": "AssertionError: Locator expected to be visible\nActual value: <element(s) not found> \nCall log:\n  - Expect \"to_be_visible\" with timeout 5000ms\n  - waiting for locator(\"#content\")\n\n", "trace": "  File \"E:\\proekt\\pet_proekt\\test\\test_updateVSdelet.py\", line 465, in test_all_auth\n    expect(main_page.page.locator('#content')).to_be_visible()\n    ~~~~~~~~~~~~~~~~~~~~~~~~~~~~~~~~~~~~~~~~~~~~~~~~~~~~~~~~^^\n  File \"C:\\Users\\damir\\AppData\\Local\\Programs\\Python\\Python313\\Lib\\site-packages\\playwright\\sync_api\\_generated.py\", line 20424, in to_be_visible\n    self._sync(self._impl_obj.to_be_visible(visible=visible, timeout=timeout))\n    ~~~~~~~~~~^^^^^^^^^^^^^^^^^^^^^^^^^^^^^^^^^^^^^^^^^^^^^^^^^^^^^^^^^^^^^^^^\n  File \"C:\\Users\\damir\\AppData\\Local\\Programs\\Python\\Python313\\Lib\\site-packages\\playwright\\_impl\\_sync_base.py\", line 115, in _sync\n    return task.result()\n           ~~~~~~~~~~~^^\n  File \"C:\\Users\\damir\\AppData\\Local\\Programs\\Python\\Python313\\Lib\\site-packages\\playwright\\_impl\\_assertions.py\", line 763, in to_be_visible\n    await self._expect_impl(\n    ...<5 lines>...\n    )\n  File \"C:\\Users\\damir\\AppData\\Local\\Programs\\Python\\Python313\\Lib\\site-packages\\playwright\\_impl\\_assertions.py\", line 83, in _expect_impl\n    raise AssertionError(\n        f\"{out_message}\\nActual value: {actual} {format_call_log(result.get('log'))}\"\n    )\n"}, "start": 1764783405102, "stop": 1764783410108}], "parameters": [{"name": "username", "value": "'admin'"}, {"name": "password", "value": "'admin'"}, {"name": "status_auth", "value": "True"}, {"name": "main_page", "value": "<selector.main_page.MainPage object at 0x000001F2CDB82BA0>"}], "start": 1764783399688, "stop": 1764783410109}], "attachments": [{"name": "page_screenshot", "source": "f6b6004d-9775-48f6-8649-17d51a29e672-attachment.png", "type": "image/png"}, {"name": "page_source", "source": "d0493924-7099-486d-9753-7402f4ea2a4b-attachment.html", "type": "text/html"}], "parameters": [{"name": "browser_name", "value": "'chromium'"}, {"name": "username", "value": "'admin'"}, {"name": "password", "value": "'admin'"}, {"name": "status_auth", "value": "True"}], "start": 1764783399688, "stop": 1764783410110, "uuid": "b2ed80a7-5e8c-47b3-8ff1-18a110e504c2", "historyId": "d6df6be398ca70659c979976f0e9c104", "testCaseId": "fcb5e64b1af148bf037d090accd0755e", "fullName": "test.test_updateVSdelet.TestMainPage#test_all_auth", "labels": [{"name": "feature", "value": "Главная страница"}, {"name": "parentSuite", "value": "test"}, {"name": "suite", "value": "test_updateVSdelet"}, {"name": "subSuite", "value": "TestMainPage"}, {"name": "host", "value": "QA_Boss"}, {"name": "thread", "value": "6568-MainThread"}, {"name": "framework", "value": "pytest"}, {"name": "language", "value": "cpython3"}, {"name": "package", "value": "test.test_updateVSdelet"}], "titlePath": ["test", "test_updateVSdelet.py", "TestMainPage"]}