{"name": "CHECKBOXES страница", "status": "failed", "statusDetails": {"message": "AssertionError: Locator expected to be checked\nActual value: <element(s) not found> \nCall log:\n  - Expect \"to_be_checked\" with timeout 5000ms\n  - waiting for locator(\"button.added-manually[onclick=\\\"deleteElement()\\\"]\").nth(1)", "trace": "self = <test_updateVSdelet.TestMainPage object at 0x00000248608522C0>\nmain_page = <selector.main_page.MainPage object at 0x00000248608E1E50>\n\n    @allure.title(\"CHECKBOXES страница\")\n    def test_checkboxes(self, main_page: MainPage):\n        with allure.step(\"Открываем основную страницу\"):\n            main_page.navigate()\n    \n        with allure.step(\"Открываем страницу CHECKBOXES\"):\n            main_page.page.click(SelectMainPage.SELECT_MAIN_PAGE_CHECKBOXES)\n            expect(main_page.page).to_have_url(Links.CHECKBOXES)\n    \n        with allure.step(\"Первый чекбокс не активированный, второй активированный\"):\n            expect(main_page.page.locator(CheckboxesElement.SELECT_CHECKBOXES_1)).not_to_be_checked()\n>           expect(main_page.page.locator(CheckboxesElement.SELECT_CHECKBOXES_2)).to_be_checked()\nE           AssertionError: Locator expected to be checked\nE           Actual value: <element(s) not found> \nE           Call log:\nE             - Expect \"to_be_checked\" with timeout 5000ms\nE             - waiting for locator(\"button.added-manually[onclick=\\\"deleteElement()\\\"]\").nth(1)\n\ntest\\test_updateVSdelet.py:52: AssertionError"}, "steps": [{"name": "Открываем основную страницу", "status": "passed", "start": 1763299089201, "stop": 1763299091452}, {"name": "Открываем страницу CHECKBOXES", "status": "passed", "start": 1763299091452, "stop": 1763299091663}, {"name": "Первый чекбокс не активированный, второй активированный", "status": "failed", "statusDetails": {"message": "AssertionError: Locator expected to be checked\nActual value: <element(s) not found> \nCall log:\n  - Expect \"to_be_checked\" with timeout 5000ms\n  - waiting for locator(\"button.added-manually[onclick=\\\"deleteElement()\\\"]\").nth(1)\n\n", "trace": "  File \"E:\\proekt\\pet_proekt\\test\\test_updateVSdelet.py\", line 52, in test_checkboxes\n    expect(main_page.page.locator(CheckboxesElement.SELECT_CHECKBOXES_2)).to_be_checked()\n    ~~~~~~~~~~~~~~~~~~~~~~~~~~~~~~~~~~~~~~~~~~~~~~~~~~~~~~~~~~~~~~~~~~~~~~~~~~~~~~~~~~~^^\n  File \"C:\\Users\\damir\\AppData\\Local\\Programs\\Python\\Python313\\Lib\\site-packages\\playwright\\sync_api\\_generated.py\", line 20099, in to_be_checked\n    self._sync(\n    ~~~~~~~~~~^\n        self._impl_obj.to_be_checked(\n        ^^^^^^^^^^^^^^^^^^^^^^^^^^^^^\n            timeout=timeout, checked=checked, indeterminate=indeterminate\n            ^^^^^^^^^^^^^^^^^^^^^^^^^^^^^^^^^^^^^^^^^^^^^^^^^^^^^^^^^^^^^\n        )\n        ^\n    )\n    ^\n  File \"C:\\Users\\damir\\AppData\\Local\\Programs\\Python\\Python313\\Lib\\site-packages\\playwright\\_impl\\_sync_base.py\", line 115, in _sync\n    return task.result()\n           ~~~~~~~~~~~^^\n  File \"C:\\Users\\damir\\AppData\\Local\\Programs\\Python\\Python313\\Lib\\site-packages\\playwright\\_impl\\_assertions.py\", line 621, in to_be_checked\n    await self._expect_impl(\n    ...<5 lines>...\n    )\n  File \"C:\\Users\\damir\\AppData\\Local\\Programs\\Python\\Python313\\Lib\\site-packages\\playwright\\_impl\\_assertions.py\", line 83, in _expect_impl\n    raise AssertionError(\n        f\"{out_message}\\nActual value: {actual} {format_call_log(result.get('log'))}\"\n    )\n"}, "start": 1763299091663, "stop": 1763299096677}], "attachments": [{"name": "page_screenshot", "source": "9c9baff9-ebfe-4970-8edd-c04dc4d66e0b-attachment.png", "type": "image/png"}, {"name": "page_source", "source": "b7926be2-f06f-4292-944e-832875b3f0e9-attachment.html", "type": "text/html"}], "parameters": [{"name": "browser_name", "value": "'chromium'"}], "start": 1763299089201, "stop": 1763299096678, "uuid": "63053c65-aa90-4c36-9c4a-38cd56d6850e", "historyId": "119d8f2aed85284bba1535546857b7ff", "testCaseId": "ced2ac15d7902bdf2eb5da8f54f47a97", "fullName": "test.test_updateVSdelet.TestMainPage#test_checkboxes", "labels": [{"name": "feature", "value": "Главная страница"}, {"name": "parentSuite", "value": "test"}, {"name": "suite", "value": "test_updateVSdelet"}, {"name": "subSuite", "value": "TestMainPage"}, {"name": "host", "value": "QA_Boss"}, {"name": "thread", "value": "21168-MainThread"}, {"name": "framework", "value": "pytest"}, {"name": "language", "value": "cpython3"}, {"name": "package", "value": "test.test_updateVSdelet"}], "titlePath": ["test", "test_updateVSdelet.py", "TestMainPage"]}