{"name": "Dropdown List страница", "status": "failed", "statusDetails": {"message": "AssertionError: Page URL expected to be 'https://the-internet.herokuapp.com/dropdown_list'\nActual value: https://the-internet.herokuapp.com/dropdown \nCall log:\n  - Expect \"to_have_url\" with timeout 5000ms\n    9 × unexpected value \"https://the-internet.herokuapp.com/dropdown\"", "trace": "self = <test_updateVSdelet.TestMainPage object at 0x0000024DFF2571D0>\nmain_page = <selector.main_page.MainPage object at 0x0000024DFF342510>\n\n    @allure.title(\"Dropdown List страница\")\n    def test_dropdown_list(self, main_page: MainPage):\n        with allure.step(\"Открываем основную страницу\"):\n            main_page.navigate()\n    \n        with allure.step(\"Открываем страницу Dropdown List\"):\n            main_page.page.click(SelectMainPage.SELECT_MAIN_PAGE_DROPDOWN_LIST)\n>           expect(main_page.page).to_have_url(Links.DROPDOWN_LIST)\nE           AssertionError: Page URL expected to be 'https://the-internet.herokuapp.com/dropdown_list'\nE           Actual value: https://the-internet.herokuapp.com/dropdown \nE           Call log:\nE             - Expect \"to_have_url\" with timeout 5000ms\nE               9 × unexpected value \"https://the-internet.herokuapp.com/dropdown\"\n\ntest\\test_updateVSdelet.py:101: AssertionError"}, "steps": [{"name": "Открываем основную страницу", "status": "passed", "start": 1763314995129, "stop": 1763315000134}, {"name": "Открываем страницу Dropdown List", "status": "failed", "statusDetails": {"message": "AssertionError: Page URL expected to be 'https://the-internet.herokuapp.com/dropdown_list'\nActual value: https://the-internet.herokuapp.com/dropdown \nCall log:\n  - Expect \"to_have_url\" with timeout 5000ms\n    9 × unexpected value \"https://the-internet.herokuapp.com/dropdown\"\n\n", "trace": "  File \"E:\\proekt\\pet_proekt\\test\\test_updateVSdelet.py\", line 101, in test_dropdown_list\n    expect(main_page.page).to_have_url(Links.DROPDOWN_LIST)\n    ~~~~~~~~~~~~~~~~~~~~~~~~~~~~~~~~~~^^^^^^^^^^^^^^^^^^^^^\n  File \"C:\\Users\\damir\\AppData\\Local\\Programs\\Python\\Python313\\Lib\\site-packages\\playwright\\sync_api\\_generated.py\", line 19086, in to_have_url\n    self._sync(\n    ~~~~~~~~~~^\n        self._impl_obj.to_have_url(\n        ^^^^^^^^^^^^^^^^^^^^^^^^^^^\n            urlOrRegExp=url_or_reg_exp, timeout=timeout, ignoreCase=ignore_case\n            ^^^^^^^^^^^^^^^^^^^^^^^^^^^^^^^^^^^^^^^^^^^^^^^^^^^^^^^^^^^^^^^^^^^\n        )\n        ^\n    )\n    ^\n  File \"C:\\Users\\damir\\AppData\\Local\\Programs\\Python\\Python313\\Lib\\site-packages\\playwright\\_impl\\_sync_base.py\", line 115, in _sync\n    return task.result()\n           ~~~~~~~~~~~^^\n  File \"C:\\Users\\damir\\AppData\\Local\\Programs\\Python\\Python313\\Lib\\site-packages\\playwright\\_impl\\_assertions.py\", line 145, in to_have_url\n    await self._expect_impl(\n    ...<5 lines>...\n    )\n  File \"C:\\Users\\damir\\AppData\\Local\\Programs\\Python\\Python313\\Lib\\site-packages\\playwright\\_impl\\_assertions.py\", line 83, in _expect_impl\n    raise AssertionError(\n        f\"{out_message}\\nActual value: {actual} {format_call_log(result.get('log'))}\"\n    )\n"}, "start": 1763315000135, "stop": 1763315005347}], "attachments": [{"name": "page_screenshot", "source": "1158fb7f-a18b-4bd2-8104-44020a702da2-attachment.png", "type": "image/png"}, {"name": "page_source", "source": "5a88b8cf-d169-4859-8689-5aac5082d526-attachment.html", "type": "text/html"}], "parameters": [{"name": "browser_name", "value": "'chromium'"}], "start": 1763314995129, "stop": 1763315005348, "uuid": "8863c405-3c28-42ba-a020-34c59f4c03f7", "historyId": "3bc2704a3b3dfafcc37a4f42b1887b0f", "testCaseId": "33d4cb94f74475f10a634efeddb071b3", "fullName": "test.test_updateVSdelet.TestMainPage#test_dropdown_list", "labels": [{"name": "feature", "value": "Главная страница"}, {"name": "parentSuite", "value": "test"}, {"name": "suite", "value": "test_updateVSdelet"}, {"name": "subSuite", "value": "TestMainPage"}, {"name": "host", "value": "QA_Boss"}, {"name": "thread", "value": "11008-MainThread"}, {"name": "framework", "value": "pytest"}, {"name": "language", "value": "cpython3"}, {"name": "package", "value": "test.test_updateVSdelet"}], "titlePath": ["test", "test_updateVSdelet.py", "TestMainPage"]}