{"name": "DYNAMIC LOADING страница", "status": "failed", "statusDetails": {"message": "AssertionError: Locator expected to be visible\nActual value: <element(s) not found> \nCall log:\n  - Expect \"to_be_visible\" with timeout 5000ms\n  - waiting for locator(\".modal-title\")", "trace": "self = <test_updateVSdelet.TestMainPage object at 0x000002318C33D650>\nmain_page = <selector.main_page.MainPage object at 0x000002318C6A02F0>\n\n    @allure.title(\"DYNAMIC LOADING страница\")\n    def test_dynamic_loading(self, main_page: MainPage):\n        with allure.step(\"Открываем основную страницу\"):\n            main_page.navigate()\n    \n        with allure.step(\"Открываем страницу DYNAMIC LOADING\"):\n            main_page.page.click(SelectMainPage.SELECT_MAIN_PAGE_DYNAMIC_LOADING)\n            expect(main_page.page).to_have_url(Links.DYNAMIC_LOADING)\n    \n        with allure.step(\"Проверка видимости модального окна\"):\n>           expect(main_page.page.locator(EntryAdElement.SELECT_ENTRY_AD_MODAL_WINDOW_TITLE)).to_be_visible()\nE           AssertionError: Locator expected to be visible\nE           Actual value: <element(s) not found> \nE           Call log:\nE             - Expect \"to_be_visible\" with timeout 5000ms\nE             - waiting for locator(\".modal-title\")\n\ntest\\test_updateVSdelet.py:221: AssertionError"}, "steps": [{"name": "Открываем основную страницу", "status": "passed", "start": 1763455433025, "stop": 1763455435328}, {"name": "Открываем страницу DYNAMIC LOADING", "status": "passed", "start": 1763455435328, "stop": 1763455435556}, {"name": "Проверка видимости модального окна", "status": "failed", "statusDetails": {"message": "AssertionError: Locator expected to be visible\nActual value: <element(s) not found> \nCall log:\n  - Expect \"to_be_visible\" with timeout 5000ms\n  - waiting for locator(\".modal-title\")\n\n", "trace": "  File \"E:\\proekt\\pet_proekt\\test\\test_updateVSdelet.py\", line 221, in test_dynamic_loading\n    expect(main_page.page.locator(EntryAdElement.SELECT_ENTRY_AD_MODAL_WINDOW_TITLE)).to_be_visible()\n    ~~~~~~~~~~~~~~~~~~~~~~~~~~~~~~~~~~~~~~~~~~~~~~~~~~~~~~~~~~~~~~~~~~~~~~~~~~~~~~~~~~~~~~~~~~~~~~~^^\n  File \"C:\\Users\\damir\\AppData\\Local\\Programs\\Python\\Python313\\Lib\\site-packages\\playwright\\sync_api\\_generated.py\", line 20424, in to_be_visible\n    self._sync(self._impl_obj.to_be_visible(visible=visible, timeout=timeout))\n    ~~~~~~~~~~^^^^^^^^^^^^^^^^^^^^^^^^^^^^^^^^^^^^^^^^^^^^^^^^^^^^^^^^^^^^^^^^\n  File \"C:\\Users\\damir\\AppData\\Local\\Programs\\Python\\Python313\\Lib\\site-packages\\playwright\\_impl\\_sync_base.py\", line 115, in _sync\n    return task.result()\n           ~~~~~~~~~~~^^\n  File \"C:\\Users\\damir\\AppData\\Local\\Programs\\Python\\Python313\\Lib\\site-packages\\playwright\\_impl\\_assertions.py\", line 763, in to_be_visible\n    await self._expect_impl(\n    ...<5 lines>...\n    )\n  File \"C:\\Users\\damir\\AppData\\Local\\Programs\\Python\\Python313\\Lib\\site-packages\\playwright\\_impl\\_assertions.py\", line 83, in _expect_impl\n    raise AssertionError(\n        f\"{out_message}\\nActual value: {actual} {format_call_log(result.get('log'))}\"\n    )\n"}, "start": 1763455435556, "stop": 1763455440573}], "attachments": [{"name": "page_screenshot", "source": "dd5dcd71-1444-49d2-a946-ea758755e3f8-attachment.png", "type": "image/png"}, {"name": "page_source", "source": "a0db0473-3a7f-4833-9d5d-04dd36aaa562-attachment.html", "type": "text/html"}], "parameters": [{"name": "browser_name", "value": "'chromium'"}], "start": 1763455433025, "stop": 1763455440574, "uuid": "0b3ab20e-a417-4870-ac7c-8eac63a393c8", "historyId": "539e7a630889be814d54a0b6a3b4fa98", "testCaseId": "8f37ad61e56583ec7901c3f0f3c44107", "fullName": "test.test_updateVSdelet.TestMainPage#test_dynamic_loading", "labels": [{"name": "feature", "value": "Главная страница"}, {"name": "parentSuite", "value": "test"}, {"name": "suite", "value": "test_updateVSdelet"}, {"name": "subSuite", "value": "TestMainPage"}, {"name": "host", "value": "QA_Boss"}, {"name": "thread", "value": "1688-MainThread"}, {"name": "framework", "value": "pytest"}, {"name": "language", "value": "cpython3"}, {"name": "package", "value": "test.test_updateVSdelet"}], "titlePath": ["test", "test_updateVSdelet.py", "TestMainPage"]}