{"name": "test_from_auth_valid[chromium]", "status": "failed", "statusDetails": {"message": "AssertionError: Ожидался текст You logged into a secure area!, был получен \nassert '' == 'You logged into a secure area!'\n  \n  - You logged into a secure area!", "trace": "self = <test_updateVSdelet.TestMainPage object at 0x000002A64FC0A5F0>\nmain_page = <selector.main_page.MainPage object at 0x000002A64FF10440>\n\n    def test_from_auth_valid(self, main_page: MainPage):\n        with allure.step('Открываем основную страницу'):\n            main_page.navigate()\n    \n        with allure.step('Открываем страницу FROM AUTH'):\n            main_page.page.click(SelectMainPage.SELECT_MAIN_PAGE_FROM_AUTH)\n            expect(main_page.page).to_have_url(Links.FROM_AUTH)\n    \n        with allure.step('Открываем страницу FRAMES NESTED'):\n            main_page.page.locator(FromAuthElement.SELECT_FROM_AUTH_INPUT_USERNAME).fill(ValidDateUser.USER_LOGIN)\n            main_page.page.locator(FromAuthElement.SELECT_FROM_AUTH_INPUT_PASSWORD).fill(ValidDateUser.USER_PASSWORD)\n            main_page.page.click(FromAuthElement.SELECT_FROM_AUTH_BUTTON)\n    \n        with allure.step('Отображение сообщения об ошибке'):\n            mess = main_page.page.locator(FromAuthElement.SELECT_FROM_AUTH_ERROR_MESS).text_content().split('\\n')[0].strip()\n>           assert mess == 'You logged into a secure area!', f\"Ожидался текст You logged into a secure area!, был получен {mess}\"\nE           AssertionError: Ожидался текст You logged into a secure area!, был получен \nE           assert '' == 'You logged into a secure area!'\nE             \nE             - You logged into a secure area!\n\ntest\\test_updateVSdelet.py:291: AssertionError"}, "steps": [{"name": "Открываем основную страницу", "status": "passed", "start": 1763565461575, "stop": 1763565463872}, {"name": "Открываем страницу FROM AUTH", "status": "passed", "start": 1763565463872, "stop": 1763565464092}, {"name": "Открываем страницу FRAMES NESTED", "status": "passed", "start": 1763565464092, "stop": 1763565464446}, {"name": "Отображение сообщения об ошибке", "status": "failed", "statusDetails": {"message": "AssertionError: Ожидался текст You logged into a secure area!, был получен \nassert '' == 'You logged into a secure area!'\n  \n  - You logged into a secure area!\n", "trace": "  File \"E:\\proekt\\pet_proekt\\test\\test_updateVSdelet.py\", line 291, in test_from_auth_valid\n    assert mess == 'You logged into a secure area!', f\"Ожидался текст You logged into a secure area!, был получен {mess}\"\n"}, "start": 1763565464446, "stop": 1763565464466}], "attachments": [{"name": "page_screenshot", "source": "142c8668-1b85-42e7-b788-7073a59de8e0-attachment.png", "type": "image/png"}, {"name": "page_source", "source": "6d8b57a3-e6c4-4d88-8fe0-2edd838163e4-attachment.html", "type": "text/html"}], "parameters": [{"name": "browser_name", "value": "'chromium'"}], "start": 1763565461575, "stop": 1763565464467, "uuid": "ffcb3f47-8e2c-43ba-9e7c-2db1be99e1ab", "historyId": "bccf5a6705f7166c152a76739568b97d", "testCaseId": "706d22ff352a06c0dec6ea5c38b0d816", "fullName": "test.test_updateVSdelet.TestMainPage#test_from_auth_valid", "labels": [{"name": "feature", "value": "Главная страница"}, {"name": "parentSuite", "value": "test"}, {"name": "suite", "value": "test_updateVSdelet"}, {"name": "subSuite", "value": "TestMainPage"}, {"name": "host", "value": "QA_Boss"}, {"name": "thread", "value": "21104-MainThread"}, {"name": "framework", "value": "pytest"}, {"name": "language", "value": "cpython3"}, {"name": "package", "value": "test.test_updateVSdelet"}], "titlePath": ["test", "test_updateVSdelet.py", "TestMainPage"]}