{"name": "test_js_prompt_cansel[chromium]", "status": "failed", "statusDetails": {"message": "AssertionError: Ожидался текст You clicked: null, был получен You entered: null\nassert 'You entered: null' == 'You clicked: null'\n  \n  - You clicked: null\n  + You entered: null", "trace": "self = <test_updateVSdelet.TestMainPage object at 0x0000019545B03AC0>\nmain_page = <selector.main_page.MainPage object at 0x0000019545E78590>\n\n    @allure.step('JS ALERTS страница')\n    def test_js_prompt_cansel(self, main_page: MainPage):\n        with allure.step('Открываем основную страницу'):\n            main_page.navigate()\n    \n        with allure.step('Открываем страницу JS ALERTS'):\n            main_page.page.click(SelectMainPage.SELECT_MAIN_PAGE_JS_ALERTS)\n            expect(main_page.page).to_have_url(Links.JS_ALERT)\n    \n        with allure.step('Открывает Confirm и нажатие на Cancel Confirm'):\n            main_page.page.click(JsAlertsElement.SELECT_JS_BUTTON_PROMPT)\n            main_page.page.once(\"dialog\", lambda dialog: dialog.dismiss())\n            main_page.page.click(JsAlertsElement.SELECT_JS_BUTTON_PROMPT_OK)\n    \n        with allure.step('Получаем результирующие сообщение и сравниваем'):\n            result_mess = main_page.page.locator(JsAlertsElement.SELECT_JS_RESULT).text_content()\n>           assert result_mess == 'You clicked: null', f\"Ожидался текст You clicked: null, был получен {result_mess}\"\nE           AssertionError: Ожидался текст You clicked: null, был получен You entered: null\nE           assert 'You entered: null' == 'You clicked: null'\nE             \nE             - You clicked: null\nE             + You entered: null\n\ntest\\test_updateVSdelet.py:401: AssertionError"}, "steps": [{"name": "JS ALERTS страница", "status": "failed", "statusDetails": {"message": "AssertionError: Ожидался текст You clicked: null, был получен You entered: null\nassert 'You entered: null' == 'You clicked: null'\n  \n  - You clicked: null\n  + You entered: null\n", "trace": "  File \"C:\\Users\\damir\\AppData\\Local\\Programs\\Python\\Python313\\Lib\\site-packages\\allure_commons\\_allure.py\", line 202, in impl\n    return func(*a, **kw)\n  File \"E:\\proekt\\pet_proekt\\test\\test_updateVSdelet.py\", line 401, in test_js_prompt_cansel\n    assert result_mess == 'You clicked: null', f\"Ожидался текст You clicked: null, был получен {result_mess}\"\n"}, "steps": [{"name": "Открываем основную страницу", "status": "passed", "start": 1763570536348, "stop": 1763570538664}, {"name": "Открываем страницу JS ALERTS", "status": "passed", "start": 1763570538664, "stop": 1763570538883}, {"name": "Открывает Confirm и нажатие на Cancel Confirm", "status": "passed", "start": 1763570538883, "stop": 1763570538960}, {"name": "Получаем результирующие сообщение и сравниваем", "status": "failed", "statusDetails": {"message": "AssertionError: Ожидался текст You clicked: null, был получен You entered: null\nassert 'You entered: null' == 'You clicked: null'\n  \n  - You clicked: null\n  + You entered: null\n", "trace": "  File \"E:\\proekt\\pet_proekt\\test\\test_updateVSdelet.py\", line 401, in test_js_prompt_cansel\n    assert result_mess == 'You clicked: null', f\"Ожидался текст You clicked: null, был получен {result_mess}\"\n"}, "start": 1763570538960, "stop": 1763570538963}], "parameters": [{"name": "main_page", "value": "<selector.main_page.MainPage object at 0x0000019545E78590>"}], "start": 1763570536348, "stop": 1763570538963}], "attachments": [{"name": "page_screenshot", "source": "15091b75-37b3-43b1-85c4-f39adef68c0a-attachment.png", "type": "image/png"}, {"name": "page_source", "source": "7d950918-01df-4227-a37e-77ec41a44a14-attachment.html", "type": "text/html"}], "parameters": [{"name": "browser_name", "value": "'chromium'"}], "start": 1763570536348, "stop": 1763570538964, "uuid": "73c14288-3677-4fe7-86e5-12b3d59d807b", "historyId": "472296c4267f30e8e77a3db6e4ab386b", "testCaseId": "bcef6f1ffd1e73a4e56d9d35a4bcc6a8", "fullName": "test.test_updateVSdelet.TestMainPage#test_js_prompt_cansel", "labels": [{"name": "feature", "value": "Главная страница"}, {"name": "parentSuite", "value": "test"}, {"name": "suite", "value": "test_updateVSdelet"}, {"name": "subSuite", "value": "TestMainPage"}, {"name": "host", "value": "QA_Boss"}, {"name": "thread", "value": "23696-MainThread"}, {"name": "framework", "value": "pytest"}, {"name": "language", "value": "cpython3"}, {"name": "package", "value": "test.test_updateVSdelet"}], "titlePath": ["test", "test_updateVSdelet.py", "TestMainPage"]}