{"name": "KEY PRESSES страница", "status": "failed", "statusDetails": {"message": "AssertionError: Locator expected to have text 'You entered: ENTER'\nActual value:  \nCall log:\n  - Expect \"to_have_text\" with timeout 5000ms\n  - waiting for locator(\"#result\")\n    9 × locator resolved to <p id=\"result\"></p>\n      - unexpected value \"\"", "trace": "self = <test_updateVSdelet.TestMainPage object at 0x0000027D3FB38C00>\nmain_page = <selector.main_page.MainPage object at 0x0000027D3FC06510>\n\n    @allure.title(\"KEY PRESSES страница\")\n    def test_key_presses(self, main_page: MainPage):\n        with allure.step(\"Открываем основную страницу\"):\n            main_page.navigate()\n    \n        with allure.step(\"Открываем страницу KEY PRESSES\"):\n            main_page.page.locator(SelectMainPage.SELECT_MAIN_PAGE_KEY_PRESSES).scroll_into_view_if_needed()\n            main_page.page.click(SelectMainPage.SELECT_MAIN_PAGE_KEY_PRESSES)\n            expect(main_page.page).to_have_url(Links.KEY_PRESSES)\n    \n        with allure.step(\"Нажатие на Enter и проверка что появляется надпись с You entered: ENTER\"):\n            main_page.page.locator(KeyPressesElement.SELECT_KEY_PRESSES_TARGET).press('Enter')\n>           expect(main_page.page.locator(KeyPressesElement.SELECT_KEY_PRESSES_RESULT)).to_have_text('You entered: ENTER')\nE           AssertionError: Locator expected to have text 'You entered: ENTER'\nE           Actual value:  \nE           Call log:\nE             - Expect \"to_have_text\" with timeout 5000ms\nE             - waiting for locator(\"#result\")\nE               9 × locator resolved to <p id=\"result\"></p>\nE                 - unexpected value \"\"\n\ntest\\test_updateVSdelet.py:138: AssertionError"}, "steps": [{"name": "Открываем основную страницу", "status": "passed", "start": 1763386362338, "stop": 1763386364605}, {"name": "Открываем страницу KEY PRESSES", "status": "passed", "start": 1763386364605, "stop": 1763386364853}, {"name": "Нажатие на Enter и проверка что появляется надпись с You entered: ENTER", "status": "failed", "statusDetails": {"message": "AssertionError: Locator expected to have text 'You entered: ENTER'\nActual value:  \nCall log:\n  - Expect \"to_have_text\" with timeout 5000ms\n  - waiting for locator(\"#result\")\n    9 × locator resolved to <p id=\"result\"></p>\n      - unexpected value \"\"\n\n", "trace": "  File \"E:\\proekt\\pet_proekt\\test\\test_updateVSdelet.py\", line 138, in test_key_presses\n    expect(main_page.page.locator(KeyPressesElement.SELECT_KEY_PRESSES_RESULT)).to_have_text('You entered: ENTER')\n    ~~~~~~~~~~~~~~~~~~~~~~~~~~~~~~~~~~~~~~~~~~~~~~~~~~~~~~~~~~~~~~~~~~~~~~~~~~~~~~~~~~~~~~~~^^^^^^^^^^^^^^^^^^^^^^\n  File \"C:\\Users\\damir\\AppData\\Local\\Programs\\Python\\Python313\\Lib\\site-packages\\playwright\\sync_api\\_generated.py\", line 19981, in to_have_text\n    self._sync(\n    ~~~~~~~~~~^\n        self._impl_obj.to_have_text(\n        ^^^^^^^^^^^^^^^^^^^^^^^^^^^^\n    ...<4 lines>...\n        )\n        ^\n    )\n    ^\n  File \"C:\\Users\\damir\\AppData\\Local\\Programs\\Python\\Python313\\Lib\\site-packages\\playwright\\_impl\\_sync_base.py\", line 115, in _sync\n    return task.result()\n           ~~~~~~~~~~~^^\n  File \"C:\\Users\\damir\\AppData\\Local\\Programs\\Python\\Python313\\Lib\\site-packages\\playwright\\_impl\\_assertions.py\", line 559, in to_have_text\n    await self._expect_impl(\n    ...<9 lines>...\n    )\n  File \"C:\\Users\\damir\\AppData\\Local\\Programs\\Python\\Python313\\Lib\\site-packages\\playwright\\_impl\\_assertions.py\", line 83, in _expect_impl\n    raise AssertionError(\n        f\"{out_message}\\nActual value: {actual} {format_call_log(result.get('log'))}\"\n    )\n"}, "start": 1763386364853, "stop": 1763386370056}], "attachments": [{"name": "page_screenshot", "source": "af11b997-ca74-4ab7-a6ff-c97a60fe2f8e-attachment.png", "type": "image/png"}, {"name": "page_source", "source": "22117fa8-a684-4b90-88dd-b4da3d597517-attachment.html", "type": "text/html"}], "parameters": [{"name": "browser_name", "value": "'chromium'"}], "start": 1763386362337, "stop": 1763386370057, "uuid": "131b495b-e3c4-4964-b6e9-0686a51bd0c4", "historyId": "560adddd37da756c4b7192218087966d", "testCaseId": "66cea7fd68172f7c9c919a96c5574356", "fullName": "test.test_updateVSdelet.TestMainPage#test_key_presses", "labels": [{"name": "feature", "value": "Главная страница"}, {"name": "parentSuite", "value": "test"}, {"name": "suite", "value": "test_updateVSdelet"}, {"name": "subSuite", "value": "TestMainPage"}, {"name": "host", "value": "QA_Boss"}, {"name": "thread", "value": "18204-MainThread"}, {"name": "framework", "value": "pytest"}, {"name": "language", "value": "cpython3"}, {"name": "package", "value": "test.test_updateVSdelet"}], "titlePath": ["test", "test_updateVSdelet.py", "TestMainPage"]}