{"name": "test_from_auth_valid[chromium]", "status": "failed", "statusDetails": {"message": "AssertionError: Ожидался текст You logged into a secure area!, был получен You logged into a secure area!\n              ×\nassert 'You logged into a secure area!\\n            ×' == 'You logged into a secure area!'\n  \n  - You logged into a secure area!\n  + You logged into a secure area!\n  ?                               +\n  +             ×", "trace": "self = <test_updateVSdelet.TestMainPage object at 0x000001214C25A5F0>\nmain_page = <selector.main_page.MainPage object at 0x000001214C540440>\n\n    def test_from_auth_valid(self, main_page: MainPage):\n        with allure.step('Открываем основную страницу'):\n            main_page.navigate()\n    \n        with allure.step('Открываем страницу FROM AUTH'):\n            main_page.page.click(SelectMainPage.SELECT_MAIN_PAGE_FROM_AUTH)\n            expect(main_page.page).to_have_url(Links.FROM_AUTH)\n    \n        with allure.step('Открываем страницу FRAMES NESTED'):\n            main_page.page.locator(FromAuthElement.SELECT_FROM_AUTH_INPUT_USERNAME).fill(ValidDateUser.USER_LOGIN)\n            main_page.page.locator(FromAuthElement.SELECT_FROM_AUTH_INPUT_PASSWORD).fill(ValidDateUser.USER_PASSWORD)\n            main_page.page.click(FromAuthElement.SELECT_FROM_AUTH_BUTTON)\n    \n        with allure.step('Отображение сообщения об ошибке'):\n            mess = main_page.page.locator(FromAuthElement.SELECT_FROM_AUTH_ERROR_MESS).text_content().strip()\n>           assert mess == 'You logged into a secure area!', f\"Ожидался текст You logged into a secure area!, был получен {mess}\"\nE           AssertionError: Ожидался текст You logged into a secure area!, был получен You logged into a secure area!\nE                         ×\nE           assert 'You logged into a secure area!\\n            ×' == 'You logged into a secure area!'\nE             \nE             - You logged into a secure area!\nE             + You logged into a secure area!\nE             ?                               +\nE             +             ×\n\ntest\\test_updateVSdelet.py:291: AssertionError"}, "steps": [{"name": "Открываем основную страницу", "status": "passed", "start": 1763565405112, "stop": 1763565407447}, {"name": "Открываем страницу FROM AUTH", "status": "passed", "start": 1763565407448, "stop": 1763565407687}, {"name": "Открываем страницу FRAMES NESTED", "status": "passed", "start": 1763565407687, "stop": 1763565408031}, {"name": "Отображение сообщения об ошибке", "status": "failed", "statusDetails": {"message": "AssertionError: Ожидался текст You logged into a secure area!, был получен You logged into a secure area!\n              ×\nassert 'You logged into a secure area!\\n            ×' == 'You logged into a secure area!'\n  \n  - You logged into a secure area!\n  + You logged into a secure area!\n  ?                               +\n  +             ×\n", "trace": "  File \"E:\\proekt\\pet_proekt\\test\\test_updateVSdelet.py\", line 291, in test_from_auth_valid\n    assert mess == 'You logged into a secure area!', f\"Ожидался текст You logged into a secure area!, был получен {mess}\"\n"}, "start": 1763565408031, "stop": 1763565408052}], "attachments": [{"name": "page_screenshot", "source": "7c154e30-3cb5-4e27-aae9-3750c7eed329-attachment.png", "type": "image/png"}, {"name": "page_source", "source": "ed231bc0-bb16-4c6f-b55f-fa84f97a91b8-attachment.html", "type": "text/html"}], "parameters": [{"name": "browser_name", "value": "'chromium'"}], "start": 1763565405112, "stop": 1763565408052, "uuid": "08bdffdd-bb13-4f6e-826a-82457e1cece5", "historyId": "bccf5a6705f7166c152a76739568b97d", "testCaseId": "706d22ff352a06c0dec6ea5c38b0d816", "fullName": "test.test_updateVSdelet.TestMainPage#test_from_auth_valid", "labels": [{"name": "feature", "value": "Главная страница"}, {"name": "parentSuite", "value": "test"}, {"name": "suite", "value": "test_updateVSdelet"}, {"name": "subSuite", "value": "TestMainPage"}, {"name": "host", "value": "QA_Boss"}, {"name": "thread", "value": "10244-MainThread"}, {"name": "framework", "value": "pytest"}, {"name": "language", "value": "cpython3"}, {"name": "package", "value": "test.test_updateVSdelet"}], "titlePath": ["test", "test_updateVSdelet.py", "TestMainPage"]}