{"name": "DISAPPEARING ELEMENTS страница", "status": "failed", "statusDetails": {"message": "AssertionError: Locator expected to be visible\nActual value: <element(s) not found> \nCall log:\n  - Expect \"to_be_visible\" with timeout 5000ms\n  - waiting for locator(\"a[href=\\\"/gallery\\\"]\")", "trace": "self = <test_updateVSdelet.TestMainPage object at 0x000002B905CE9480>\nmain_page = <selector.main_page.MainPage object at 0x000002B9063582F0>\n\n    @allure.title(\"DISAPPEARING ELEMENTS страница\")\n    def test_disappearing_elements(self, main_page: MainPage):\n        with allure.step(\"Открываем основную страницу\"):\n            main_page.navigate()\n    \n        with allure.step(\"Открываем страницу DISAPPEARING ELEMENTS\"):\n            main_page.page.click(SelectMainPage.SELECT_MAIN_PAGE_DISAPPEARING_ELEMENTS)\n            expect(main_page.page).to_have_url(Links.DISAPPEARING_ELEMENTS)\n    \n        with allure.step(\"Создаём цикл из 8 перезагрузок сайта\"):\n            for _ in range(8):\n                element = main_page.page.locator(DisappearElement.SELECT_DISAPPEARING_MISSING_ELEMENTS)\n                if element:\n                    with allure.step(\"Элемент появился\"):\n>                       expect(element).to_be_visible()\nE                       AssertionError: Locator expected to be visible\nE                       Actual value: <element(s) not found> \nE                       Call log:\nE                         - Expect \"to_be_visible\" with timeout 5000ms\nE                         - waiting for locator(\"a[href=\\\"/gallery\\\"]\")\n\ntest\\test_updateVSdelet.py:158: AssertionError"}, "steps": [{"name": "Открываем основную страницу", "status": "passed", "start": 1763440513008, "stop": 1763440518088}, {"name": "Открываем страницу DISAPPEARING ELEMENTS", "status": "passed", "start": 1763440518088, "stop": 1763440518347}, {"name": "Создаём цикл из 8 перезагрузок сайта", "status": "failed", "statusDetails": {"message": "AssertionError: Locator expected to be visible\nActual value: <element(s) not found> \nCall log:\n  - Expect \"to_be_visible\" with timeout 5000ms\n  - waiting for locator(\"a[href=\\\"/gallery\\\"]\")\n\n", "trace": "  File \"E:\\proekt\\pet_proekt\\test\\test_updateVSdelet.py\", line 158, in test_disappearing_elements\n    expect(element).to_be_visible()\n    ~~~~~~~~~~~~~~~~~~~~~~~~~~~~~^^\n  File \"C:\\Users\\damir\\AppData\\Local\\Programs\\Python\\Python313\\Lib\\site-packages\\playwright\\sync_api\\_generated.py\", line 20424, in to_be_visible\n    self._sync(self._impl_obj.to_be_visible(visible=visible, timeout=timeout))\n    ~~~~~~~~~~^^^^^^^^^^^^^^^^^^^^^^^^^^^^^^^^^^^^^^^^^^^^^^^^^^^^^^^^^^^^^^^^\n  File \"C:\\Users\\damir\\AppData\\Local\\Programs\\Python\\Python313\\Lib\\site-packages\\playwright\\_impl\\_sync_base.py\", line 115, in _sync\n    return task.result()\n           ~~~~~~~~~~~^^\n  File \"C:\\Users\\damir\\AppData\\Local\\Programs\\Python\\Python313\\Lib\\site-packages\\playwright\\_impl\\_assertions.py\", line 763, in to_be_visible\n    await self._expect_impl(\n    ...<5 lines>...\n    )\n  File \"C:\\Users\\damir\\AppData\\Local\\Programs\\Python\\Python313\\Lib\\site-packages\\playwright\\_impl\\_assertions.py\", line 83, in _expect_impl\n    raise AssertionError(\n        f\"{out_message}\\nActual value: {actual} {format_call_log(result.get('log'))}\"\n    )\n"}, "steps": [{"name": "Элемент появился", "status": "failed", "statusDetails": {"message": "AssertionError: Locator expected to be visible\nActual value: <element(s) not found> \nCall log:\n  - Expect \"to_be_visible\" with timeout 5000ms\n  - waiting for locator(\"a[href=\\\"/gallery\\\"]\")\n\n", "trace": "  File \"E:\\proekt\\pet_proekt\\test\\test_updateVSdelet.py\", line 158, in test_disappearing_elements\n    expect(element).to_be_visible()\n    ~~~~~~~~~~~~~~~~~~~~~~~~~~~~~^^\n  File \"C:\\Users\\damir\\AppData\\Local\\Programs\\Python\\Python313\\Lib\\site-packages\\playwright\\sync_api\\_generated.py\", line 20424, in to_be_visible\n    self._sync(self._impl_obj.to_be_visible(visible=visible, timeout=timeout))\n    ~~~~~~~~~~^^^^^^^^^^^^^^^^^^^^^^^^^^^^^^^^^^^^^^^^^^^^^^^^^^^^^^^^^^^^^^^^\n  File \"C:\\Users\\damir\\AppData\\Local\\Programs\\Python\\Python313\\Lib\\site-packages\\playwright\\_impl\\_sync_base.py\", line 115, in _sync\n    return task.result()\n           ~~~~~~~~~~~^^\n  File \"C:\\Users\\damir\\AppData\\Local\\Programs\\Python\\Python313\\Lib\\site-packages\\playwright\\_impl\\_assertions.py\", line 763, in to_be_visible\n    await self._expect_impl(\n    ...<5 lines>...\n    )\n  File \"C:\\Users\\damir\\AppData\\Local\\Programs\\Python\\Python313\\Lib\\site-packages\\playwright\\_impl\\_assertions.py\", line 83, in _expect_impl\n    raise AssertionError(\n        f\"{out_message}\\nActual value: {actual} {format_call_log(result.get('log'))}\"\n    )\n"}, "start": 1763440518347, "stop": 1763440523369}], "start": 1763440518347, "stop": 1763440523370}], "attachments": [{"name": "page_screenshot", "source": "d162f440-776a-46a0-a6a9-7c795b589861-attachment.png", "type": "image/png"}, {"name": "page_source", "source": "5d64d7fe-9c1f-4af5-82a8-0052b03f8513-attachment.html", "type": "text/html"}], "parameters": [{"name": "browser_name", "value": "'chromium'"}], "start": 1763440513007, "stop": 1763440523371, "uuid": "63b3e398-1166-4874-8994-f1ea18f197ae", "historyId": "46f8fbd5e003ce7f3f23fb517469d03a", "testCaseId": "0a8209cd1b7f786c1d74af2e899c3141", "fullName": "test.test_updateVSdelet.TestMainPage#test_disappearing_elements", "labels": [{"name": "feature", "value": "Главная страница"}, {"name": "parentSuite", "value": "test"}, {"name": "suite", "value": "test_updateVSdelet"}, {"name": "subSuite", "value": "TestMainPage"}, {"name": "host", "value": "QA_Boss"}, {"name": "thread", "value": "10524-MainThread"}, {"name": "framework", "value": "pytest"}, {"name": "language", "value": "cpython3"}, {"name": "package", "value": "test.test_updateVSdelet"}], "titlePath": ["test", "test_updateVSdelet.py", "TestMainPage"]}