{"name": "BROKEN IMAGES страница", "status": "failed", "statusDetails": {"message": "AssertionError: Locator expected to be visible\nActual value: <element(s) not found> \nCall log:\n  - Expect \"to_be_visible\" with timeout 5000ms\n  - waiting for locator(\"img[src=\\\"/asdf.jpg/\\\"]\")", "trace": "self = <test_updateVSdelet.TestMainPage object at 0x0000028E20760CD0>\nmain_page = <selector.main_page.MainPage object at 0x0000028E20763610>\n\n    @allure.title(\"BROKEN IMAGES страница\")\n    def test_broken_images(self, main_page: MainPage):\n        with allure.step(\"Открываем основную страницу\"):\n            main_page.navigate()\n    \n        with allure.step(\"Открываем страницу BROKEN IMAGES\"):\n            main_page.page.click(SelectMainPage.SELECT_MAIN_PAGE_BROKEN_IMAGES)\n            expect(main_page.page).to_have_url(Links.BROKEN_IMAGES)\n    \n        with allure.step(\"Видно 3 фотографии\"):\n>           expect(main_page.page.locator(BrokenImagesElement.SELECT_IMAGE_asdf)).to_be_visible()\nE           AssertionError: Locator expected to be visible\nE           Actual value: <element(s) not found> \nE           Call log:\nE             - Expect \"to_be_visible\" with timeout 5000ms\nE             - waiting for locator(\"img[src=\\\"/asdf.jpg/\\\"]\")\n\ntest\\test_updateVSdelet.py:37: AssertionError"}, "steps": [{"name": "Открываем основную страницу", "status": "passed", "start": 1763299011018, "stop": 1763299013351}, {"name": "Открываем страницу BROKEN IMAGES", "status": "passed", "start": 1763299013351, "stop": 1763299013574}, {"name": "Видно 3 фотографии", "status": "failed", "statusDetails": {"message": "AssertionError: Locator expected to be visible\nActual value: <element(s) not found> \nCall log:\n  - Expect \"to_be_visible\" with timeout 5000ms\n  - waiting for locator(\"img[src=\\\"/asdf.jpg/\\\"]\")\n\n", "trace": "  File \"E:\\proekt\\pet_proekt\\test\\test_updateVSdelet.py\", line 37, in test_broken_images\n    expect(main_page.page.locator(BrokenImagesElement.SELECT_IMAGE_asdf)).to_be_visible()\n    ~~~~~~~~~~~~~~~~~~~~~~~~~~~~~~~~~~~~~~~~~~~~~~~~~~~~~~~~~~~~~~~~~~~~~~~~~~~~~~~~~~~^^\n  File \"C:\\Users\\damir\\AppData\\Local\\Programs\\Python\\Python313\\Lib\\site-packages\\playwright\\sync_api\\_generated.py\", line 20424, in to_be_visible\n    self._sync(self._impl_obj.to_be_visible(visible=visible, timeout=timeout))\n    ~~~~~~~~~~^^^^^^^^^^^^^^^^^^^^^^^^^^^^^^^^^^^^^^^^^^^^^^^^^^^^^^^^^^^^^^^^\n  File \"C:\\Users\\damir\\AppData\\Local\\Programs\\Python\\Python313\\Lib\\site-packages\\playwright\\_impl\\_sync_base.py\", line 115, in _sync\n    return task.result()\n           ~~~~~~~~~~~^^\n  File \"C:\\Users\\damir\\AppData\\Local\\Programs\\Python\\Python313\\Lib\\site-packages\\playwright\\_impl\\_assertions.py\", line 763, in to_be_visible\n    await self._expect_impl(\n    ...<5 lines>...\n    )\n  File \"C:\\Users\\damir\\AppData\\Local\\Programs\\Python\\Python313\\Lib\\site-packages\\playwright\\_impl\\_assertions.py\", line 83, in _expect_impl\n    raise AssertionError(\n        f\"{out_message}\\nActual value: {actual} {format_call_log(result.get('log'))}\"\n    )\n"}, "start": 1763299013574, "stop": 1763299018576}], "attachments": [{"name": "page_screenshot", "source": "83f879e4-241a-4d9a-bfe1-120bd5188295-attachment.png", "type": "image/png"}, {"name": "page_source", "source": "84fc18d3-fa77-44a6-9ebd-317ddee32e8c-attachment.html", "type": "text/html"}], "parameters": [{"name": "browser_name", "value": "'chromium'"}], "start": 1763299011018, "stop": 1763299018577, "uuid": "b73b20b2-a93e-42e1-8e4a-055084ba8074", "historyId": "dbf3caf37a229b8f3ac6cd757c936e0a", "testCaseId": "6847e584cacf556b4b64ba0cc7396a71", "fullName": "test.test_updateVSdelet.TestMainPage#test_broken_images", "labels": [{"name": "feature", "value": "Главная страница"}, {"name": "parentSuite", "value": "test"}, {"name": "suite", "value": "test_updateVSdelet"}, {"name": "subSuite", "value": "TestMainPage"}, {"name": "host", "value": "QA_Boss"}, {"name": "thread", "value": "5092-MainThread"}, {"name": "framework", "value": "pytest"}, {"name": "language", "value": "cpython3"}, {"name": "package", "value": "test.test_updateVSdelet"}], "titlePath": ["test", "test_updateVSdelet.py", "TestMainPage"]}