{"name": "test_js_confirm_ok[chromium]", "status": "failed", "statusDetails": {"message": "AssertionError: Ожидался текст You clicked: Ok, был получен You clicked: Cancel\nassert 'You clicked: Cancel' == 'You clicked: Ok'\n  \n  - You clicked: Ok\n  ?              ^^\n  + You clicked: Cancel\n  ?              ^^^^^^", "trace": "self = <test_updateVSdelet.TestMainPage object at 0x000001F0F4623F50>\nmain_page = <selector.main_page.MainPage object at 0x000001F0F4E00440>\n\n    @allure.step('JS ALERTS страница')\n    def test_js_confirm_ok(self, main_page: MainPage):\n        with allure.step('Открываем основную страницу'):\n            main_page.navigate()\n    \n        with allure.step('Открываем страницу JS ALERTS'):\n            main_page.page.click(SelectMainPage.SELECT_MAIN_PAGE_JS_ALERTS)\n            expect(main_page.page).to_have_url(Links.JS_ALERT)\n    \n        with allure.step('Открывает Confirm и нажатие на закрытие Confirm'):\n            main_page.page.click(JsAlertsElement.SELECT_JS_BUTTON_CONFIRM)\n            main_page.page.once(\"dialog\", lambda dialog: dialog.dismiss())\n            main_page.page.click(JsAlertsElement.SELECT_JS_BUTTON_CONFIRM_OK)\n    \n        with allure.step('Получаем результирующие сообщение и сравниваем'):\n            result_mess = main_page.page.locator(JsAlertsElement.SELECT_JS_RESULT).text_content()\n>           assert result_mess == 'You clicked: Ok', f\"Ожидался текст You clicked: Ok, был получен {result_mess}\"\nE           AssertionError: Ожидался текст You clicked: Ok, был получен You clicked: Cancel\nE           assert 'You clicked: Cancel' == 'You clicked: Ok'\nE             \nE             - You clicked: Ok\nE             ?              ^^\nE             + You clicked: Cancel\nE             ?              ^^^^^^\n\ntest\\test_updateVSdelet.py:347: AssertionError"}, "steps": [{"name": "JS ALERTS страница", "status": "failed", "statusDetails": {"message": "AssertionError: Ожидался текст You clicked: Ok, был получен You clicked: Cancel\nassert 'You clicked: Cancel' == 'You clicked: Ok'\n  \n  - You clicked: Ok\n  ?              ^^\n  + You clicked: Cancel\n  ?              ^^^^^^\n", "trace": "  File \"C:\\Users\\damir\\AppData\\Local\\Programs\\Python\\Python313\\Lib\\site-packages\\allure_commons\\_allure.py\", line 202, in impl\n    return func(*a, **kw)\n  File \"E:\\proekt\\pet_proekt\\test\\test_updateVSdelet.py\", line 347, in test_js_confirm_ok\n    assert result_mess == 'You clicked: Ok', f\"Ожидался текст You clicked: Ok, был получен {result_mess}\"\n"}, "steps": [{"name": "Открываем основную страницу", "status": "passed", "start": 1763570055936, "stop": 1763570058527}, {"name": "Открываем страницу JS ALERTS", "status": "passed", "start": 1763570058527, "stop": 1763570058754}, {"name": "Открывает Confirm и нажатие на закрытие Confirm", "status": "passed", "start": 1763570058754, "stop": 1763570058845}, {"name": "Получаем результирующие сообщение и сравниваем", "status": "failed", "statusDetails": {"message": "AssertionError: Ожидался текст You clicked: Ok, был получен You clicked: Cancel\nassert 'You clicked: Cancel' == 'You clicked: Ok'\n  \n  - You clicked: Ok\n  ?              ^^\n  + You clicked: Cancel\n  ?              ^^^^^^\n", "trace": "  File \"E:\\proekt\\pet_proekt\\test\\test_updateVSdelet.py\", line 347, in test_js_confirm_ok\n    assert result_mess == 'You clicked: Ok', f\"Ожидался текст You clicked: Ok, был получен {result_mess}\"\n"}, "start": 1763570058845, "stop": 1763570058848}], "parameters": [{"name": "main_page", "value": "<selector.main_page.MainPage object at 0x000001F0F4E00440>"}], "start": 1763570055936, "stop": 1763570058849}], "attachments": [{"name": "page_screenshot", "source": "0cc0c47d-dc06-43ab-86b6-43f34c047622-attachment.png", "type": "image/png"}, {"name": "page_source", "source": "e4c80e30-8e5b-4fde-b2ac-294068a68d21-attachment.html", "type": "text/html"}], "parameters": [{"name": "browser_name", "value": "'chromium'"}], "start": 1763570055936, "stop": 1763570058850, "uuid": "0c2ee4f6-1615-4514-be9e-5917ef426250", "historyId": "8af1002f906f39b4e6b44609cd5d81fa", "testCaseId": "364d0801d2238c4f03a06d80e9173c2d", "fullName": "test.test_updateVSdelet.TestMainPage#test_js_confirm_ok", "labels": [{"name": "feature", "value": "Главная страница"}, {"name": "parentSuite", "value": "test"}, {"name": "suite", "value": "test_updateVSdelet"}, {"name": "subSuite", "value": "TestMainPage"}, {"name": "host", "value": "QA_Boss"}, {"name": "thread", "value": "14152-MainThread"}, {"name": "framework", "value": "pytest"}, {"name": "language", "value": "cpython3"}, {"name": "package", "value": "test.test_updateVSdelet"}], "titlePath": ["test", "test_updateVSdelet.py", "TestMainPage"]}