{"name": "test_js_prompt_ok[chromium]", "status": "failed", "statusDetails": {"message": "AssertionError: Ожидался текст You entered: Привет тому, кто читает мой код), был получен You clicked: Ok\nassert 'You clicked: Ok' == 'You entered: Привет тому, кто читает мой код)'\n  \n  - You entered: Привет тому, кто читает мой код)\n  + You clicked: Ok", "trace": "self = <test_updateVSdelet.TestMainPage object at 0x0000019CADB43960>\nmain_page = <selector.main_page.MainPage object at 0x0000019CADE98440>\n\n    @allure.step('JS ALERTS страница')\n    def test_js_prompt_ok(self, main_page: MainPage):\n        with allure.step('Открываем основную страницу'):\n            main_page.navigate()\n    \n        with allure.step('Открываем страницу JS ALERTS'):\n            main_page.page.click(SelectMainPage.SELECT_MAIN_PAGE_JS_ALERTS)\n            expect(main_page.page).to_have_url(Links.JS_ALERT)\n    \n        with allure.step('Открывает Confirm и нажатие на OK Confirm'):\n            main_page.page.click(JsAlertsElement.SELECT_JS_BUTTON_PROMPT)\n            main_page.page.once(\"dialog\", lambda dialog: dialog.accept(\"Привет тому, кто читает мой код)\"))\n            main_page.page.click(JsAlertsElement.SELECT_JS_BUTTON_PROMPT_OK)\n    \n        with allure.step('Получаем результирующие сообщение и сравниваем'):\n            result_mess = main_page.page.locator(JsAlertsElement.SELECT_JS_RESULT).text_content()\n>           assert result_mess == 'You entered: Привет тому, кто читает мой код)', f\"Ожидался текст You entered: Привет тому, кто читает мой код), был получен {result_mess}\"\nE           AssertionError: Ожидался текст You entered: Привет тому, кто читает мой код), был получен You clicked: Ok\nE           assert 'You clicked: Ok' == 'You entered: Привет тому, кто читает мой код)'\nE             \nE             - You entered: Привет тому, кто читает мой код)\nE             + You clicked: Ok\n\ntest\\test_updateVSdelet.py:383: AssertionError"}, "steps": [{"name": "JS ALERTS страница", "status": "failed", "statusDetails": {"message": "AssertionError: Ожидался текст You entered: Привет тому, кто читает мой код), был получен You clicked: Ok\nassert 'You clicked: Ok' == 'You entered: Привет тому, кто читает мой код)'\n  \n  - You entered: Привет тому, кто читает мой код)\n  + You clicked: Ok\n", "trace": "  File \"C:\\Users\\damir\\AppData\\Local\\Programs\\Python\\Python313\\Lib\\site-packages\\allure_commons\\_allure.py\", line 202, in impl\n    return func(*a, **kw)\n  File \"E:\\proekt\\pet_proekt\\test\\test_updateVSdelet.py\", line 383, in test_js_prompt_ok\n    assert result_mess == 'You entered: Привет тому, кто читает мой код)', f\"Ожидался текст You entered: Привет тому, кто читает мой код), был получен {result_mess}\"\n"}, "steps": [{"name": "Открываем основную страницу", "status": "passed", "start": 1763570486751, "stop": 1763570489056}, {"name": "Открываем страницу JS ALERTS", "status": "passed", "start": 1763570489056, "stop": 1763570489287}, {"name": "Открывает Confirm и нажатие на OK Confirm", "status": "passed", "start": 1763570489287, "stop": 1763570489379}, {"name": "Получаем результирующие сообщение и сравниваем", "status": "failed", "statusDetails": {"message": "AssertionError: Ожидался текст You entered: Привет тому, кто читает мой код), был получен You clicked: Ok\nassert 'You clicked: Ok' == 'You entered: Привет тому, кто читает мой код)'\n  \n  - You entered: Привет тому, кто читает мой код)\n  + You clicked: Ok\n", "trace": "  File \"E:\\proekt\\pet_proekt\\test\\test_updateVSdelet.py\", line 383, in test_js_prompt_ok\n    assert result_mess == 'You entered: Привет тому, кто читает мой код)', f\"Ожидался текст You entered: Привет тому, кто читает мой код), был получен {result_mess}\"\n"}, "start": 1763570489379, "stop": 1763570489383}], "parameters": [{"name": "main_page", "value": "<selector.main_page.MainPage object at 0x0000019CADE98440>"}], "start": 1763570486751, "stop": 1763570489383}], "attachments": [{"name": "page_screenshot", "source": "4459ce56-ce81-418e-bb65-2d2ede608f00-attachment.png", "type": "image/png"}, {"name": "page_source", "source": "4890c111-5a2f-4979-9bfe-e9ff17f0d36d-attachment.html", "type": "text/html"}], "parameters": [{"name": "browser_name", "value": "'chromium'"}], "start": 1763570486750, "stop": 1763570489384, "uuid": "2aa810ff-7262-457e-9599-0c452527a635", "historyId": "f0fe772d47f2e50a1932af4a7151000d", "testCaseId": "6f12f2505312748201470f4c8678148a", "fullName": "test.test_updateVSdelet.TestMainPage#test_js_prompt_ok", "labels": [{"name": "feature", "value": "Главная страница"}, {"name": "parentSuite", "value": "test"}, {"name": "suite", "value": "test_updateVSdelet"}, {"name": "subSuite", "value": "TestMainPage"}, {"name": "host", "value": "QA_Boss"}, {"name": "thread", "value": "13744-MainThread"}, {"name": "framework", "value": "pytest"}, {"name": "language", "value": "cpython3"}, {"name": "package", "value": "test.test_updateVSdelet"}], "titlePath": ["test", "test_updateVSdelet.py", "TestMainPage"]}