{"name": "test_frame_loading[chromium]", "status": "failed", "statusDetails": {"message": "AssertionError: Ожидался текст LEFT, был получен \n      LEFT\n      \n  \n  \nassert '\\n    LEFT\\n    \\n\\n' == 'LEFT'\n  \n  - LEFT\n  + \n  +     LEFT\n  +     \n  +", "trace": "self = <test_updateVSdelet.TestMainPage object at 0x000001D76E7E5D60>\nmain_page = <selector.main_page.MainPage object at 0x000001D76EE68440>\n\n    @allure.step('')\n    def test_frame_loading(self, main_page: MainPage):\n        with allure.step(''):\n            main_page.navigate()\n    \n        with allure.step(''):\n            main_page.page.click(SelectMainPage.SELECT_MAIN_PAGE_FRAMES)\n            expect(main_page.page).to_have_url(Links.FRAMES)\n    \n        with allure.step(''):\n            main_page.page.click(SelectMainPage.SELECT_MAIN_PAGE_FRAMES_NESTED)\n            expect(main_page.page).to_have_url(Links.FRAMES_NESTED)\n    \n        with allure.step(''):\n            frame_locator_1 = main_page.page.frame_locator('frame[name=\"frame-top\"]')\n    \n        with allure.step(''):\n            frame_locator = frame_locator_1.frame_locator(NestedFramesElement.SELECT_FRAME_LEFT)\n    \n        with allure.step(''):\n            text_left_frame = frame_locator.locator(NestedFramesElement.SELECT_FRAME_LEFT_HEADING).text_content()\n>           assert text_left_frame == \"LEFT\", f\"Ожидался текст LEFT, был получен {text_left_frame}\"\nE           AssertionError: Ожидался текст LEFT, был получен \nE                 LEFT\nE                 \nE             \nE             \nE           assert '\\n    LEFT\\n    \\n\\n' == 'LEFT'\nE             \nE             - LEFT\nE             + \nE             +     LEFT\nE             +     \nE             +\n\ntest\\test_updateVSdelet.py:256: AssertionError"}, "steps": [{"status": "failed", "statusDetails": {"message": "AssertionError: Ожидался текст LEFT, был получен \n      LEFT\n      \n  \n  \nassert '\\n    LEFT\\n    \\n\\n' == 'LEFT'\n  \n  - LEFT\n  + \n  +     LEFT\n  +     \n  + \n", "trace": "  File \"C:\\Users\\damir\\AppData\\Local\\Programs\\Python\\Python313\\Lib\\site-packages\\allure_commons\\_allure.py\", line 202, in impl\n    return func(*a, **kw)\n  File \"E:\\proekt\\pet_proekt\\test\\test_updateVSdelet.py\", line 256, in test_frame_loading\n    assert text_left_frame == \"LEFT\", f\"Ожидался текст LEFT, был получен {text_left_frame}\"\n"}, "steps": [{"status": "passed", "start": 1763560786566, "stop": 1763560788853}, {"status": "passed", "start": 1763560788853, "stop": 1763560789070}, {"status": "passed", "start": 1763560789070, "stop": 1763560789257}, {"status": "passed", "start": 1763560789257, "stop": 1763560789257}, {"status": "passed", "start": 1763560789257, "stop": 1763560789257}, {"status": "failed", "statusDetails": {"message": "AssertionError: Ожидался текст LEFT, был получен \n      LEFT\n      \n  \n  \nassert '\\n    LEFT\\n    \\n\\n' == 'LEFT'\n  \n  - LEFT\n  + \n  +     LEFT\n  +     \n  + \n", "trace": "  File \"E:\\proekt\\pet_proekt\\test\\test_updateVSdelet.py\", line 256, in test_frame_loading\n    assert text_left_frame == \"LEFT\", f\"Ожидался текст LEFT, был получен {text_left_frame}\"\n"}, "start": 1763560789257, "stop": 1763560789555}], "parameters": [{"name": "main_page", "value": "<selector.main_page.MainPage object at 0x000001D76EE68440>"}], "start": 1763560786566, "stop": 1763560789556}], "attachments": [{"name": "page_screenshot", "source": "bf3a3572-8ce9-407d-ad68-1dbc44f9ebd4-attachment.png", "type": "image/png"}, {"name": "page_source", "source": "c4b17370-8a05-49d6-8948-7dde734db314-attachment.html", "type": "text/html"}], "parameters": [{"name": "browser_name", "value": "'chromium'"}], "start": 1763560786566, "stop": 1763560789556, "uuid": "bd015b67-c6b6-4122-ab25-f17f1f849c01", "historyId": "d1351352b990cf74bd3a6b9d1a0c7cb7", "testCaseId": "3a9ddb006762903e7ab5fe1f451518b7", "fullName": "test.test_updateVSdelet.TestMainPage#test_frame_loading", "labels": [{"name": "feature", "value": "Главная страница"}, {"name": "parentSuite", "value": "test"}, {"name": "suite", "value": "test_updateVSdelet"}, {"name": "subSuite", "value": "TestMainPage"}, {"name": "host", "value": "QA_Boss"}, {"name": "thread", "value": "26396-MainThread"}, {"name": "framework", "value": "pytest"}, {"name": "language", "value": "cpython3"}, {"name": "package", "value": "test.test_updateVSdelet"}], "titlePath": ["test", "test_updateVSdelet.py", "TestMainPage"]}