{"name": "test_from_auth_invalid[chromium]", "status": "failed", "statusDetails": {"message": "AssertionError: Ожидался текст Your password is invalid!, был получен Your username is invalid!\nassert 'Your username is invalid!' == 'Your password is invalid!'\n  \n  - Your password is invalid!\n  + Your username is invalid!", "trace": "self = <test_updateVSdelet.TestMainPage object at 0x0000021F91005F40>\nmain_page = <selector.main_page.MainPage object at 0x0000021F9168C440>\n\n    @allure.step('FROM AUTH страница')\n    def test_from_auth_invalid(self, main_page: MainPage):\n        with allure.step('Открываем основную страницу'):\n            main_page.navigate()\n    \n        with allure.step('Открываем страницу FROM AUTH'):\n            main_page.page.click(SelectMainPage.SELECT_MAIN_PAGE_FROM_AUTH)\n            expect(main_page.page).to_have_url(Links.FROM_AUTH)\n    \n        with allure.step('Открываем страницу FRAMES NESTED'):\n            main_page.page.locator(FromAuthElement.SELECT_FROM_AUTH_INPUT_USERNAME).fill(InvalidDateUser.USER_LOGIN)\n            main_page.page.locator(FromAuthElement.SELECT_FROM_AUTH_INPUT_PASSWORD).fill(InvalidDateUser.USER_PASSWORD)\n            main_page.page.click(FromAuthElement.SELECT_FROM_AUTH_BUTTON)\n    \n        with allure.step('Отображение сообщения об ошибке'):\n            mess = main_page.page.locator(FromAuthElement.SELECT_FROM_AUTH_ERROR_MESS).text_content().strip().split('\\n')[0].strip()\n>           assert mess == 'Your password is invalid!', f\"Ожидался текст Your password is invalid!, был получен {mess}\"\nE           AssertionError: Ожидался текст Your password is invalid!, был получен Your username is invalid!\nE           assert 'Your username is invalid!' == 'Your password is invalid!'\nE             \nE             - Your password is invalid!\nE             + Your username is invalid!\n\ntest\\test_updateVSdelet.py:275: AssertionError"}, "steps": [{"name": "FROM AUTH страница", "status": "failed", "statusDetails": {"message": "AssertionError: Ожидался текст Your password is invalid!, был получен Your username is invalid!\nassert 'Your username is invalid!' == 'Your password is invalid!'\n  \n  - Your password is invalid!\n  + Your username is invalid!\n", "trace": "  File \"C:\\Users\\damir\\AppData\\Local\\Programs\\Python\\Python313\\Lib\\site-packages\\allure_commons\\_allure.py\", line 202, in impl\n    return func(*a, **kw)\n  File \"E:\\proekt\\pet_proekt\\test\\test_updateVSdelet.py\", line 275, in test_from_auth_invalid\n    assert mess == 'Your password is invalid!', f\"Ожидался текст Your password is invalid!, был получен {mess}\"\n"}, "steps": [{"name": "Открываем основную страницу", "status": "passed", "start": 1763565545387, "stop": 1763565547683}, {"name": "Открываем страницу FROM AUTH", "status": "passed", "start": 1763565547683, "stop": 1763565547905}, {"name": "Открываем страницу FRAMES NESTED", "status": "passed", "start": 1763565547905, "stop": 1763565548257}, {"name": "Отображение сообщения об ошибке", "status": "failed", "statusDetails": {"message": "AssertionError: Ожидался текст Your password is invalid!, был получен Your username is invalid!\nassert 'Your username is invalid!' == 'Your password is invalid!'\n  \n  - Your password is invalid!\n  + Your username is invalid!\n", "trace": "  File \"E:\\proekt\\pet_proekt\\test\\test_updateVSdelet.py\", line 275, in test_from_auth_invalid\n    assert mess == 'Your password is invalid!', f\"Ожидался текст Your password is invalid!, был получен {mess}\"\n"}, "start": 1763565548257, "stop": 1763565548277}], "parameters": [{"name": "main_page", "value": "<selector.main_page.MainPage object at 0x0000021F9168C440>"}], "start": 1763565545387, "stop": 1763565548277}], "attachments": [{"name": "page_screenshot", "source": "11e11993-abe7-4a5d-9d6a-b48e2bb65989-attachment.png", "type": "image/png"}, {"name": "page_source", "source": "a1a12bf4-ed98-4b15-b914-8d3e5b4d70cc-attachment.html", "type": "text/html"}], "parameters": [{"name": "browser_name", "value": "'chromium'"}], "start": 1763565545387, "stop": 1763565548278, "uuid": "58749aa6-89d9-4755-bd4d-f6c4ea90335e", "historyId": "6d5de1a96451c91ce49a7535c341855f", "testCaseId": "c081abdff8d18259a6224eaf07dd42ba", "fullName": "test.test_updateVSdelet.TestMainPage#test_from_auth_invalid", "labels": [{"name": "feature", "value": "Главная страница"}, {"name": "parentSuite", "value": "test"}, {"name": "suite", "value": "test_updateVSdelet"}, {"name": "subSuite", "value": "TestMainPage"}, {"name": "host", "value": "QA_Boss"}, {"name": "thread", "value": "6396-MainThread"}, {"name": "framework", "value": "pytest"}, {"name": "language", "value": "cpython3"}, {"name": "package", "value": "test.test_updateVSdelet"}], "titlePath": ["test", "test_updateVSdelet.py", "TestMainPage"]}