{"name": "test_from_auth[chromium]", "status": "failed", "statusDetails": {"message": "AssertionError: Page URL expected to be 'https://the-internet.herokuapp.com/from_auth'\nActual value: https://the-internet.herokuapp.com/login \nCall log:\n  - Expect \"to_have_url\" with timeout 5000ms\n    9 × unexpected value \"https://the-internet.herokuapp.com/login\"", "trace": "self = <test_updateVSdelet.TestMainPage object at 0x000001CDA56B5F40>\nmain_page = <selector.main_page.MainPage object at 0x000001CDA5D5C440>\n\n    @allure.step('FROM AUTH страница')\n    def test_from_auth(self, main_page: MainPage):\n        with allure.step('Открываем основную страницу'):\n            main_page.navigate()\n    \n        with allure.step('Открываем страницу FROM AUTH'):\n            main_page.page.click(SelectMainPage.SELECT_MAIN_PAGE_FROM_AUTH)\n>           expect(main_page.page).to_have_url(Links.FROM_AUTH)\nE           AssertionError: Page URL expected to be 'https://the-internet.herokuapp.com/from_auth'\nE           Actual value: https://the-internet.herokuapp.com/login \nE           Call log:\nE             - Expect \"to_have_url\" with timeout 5000ms\nE               9 × unexpected value \"https://the-internet.herokuapp.com/login\"\n\ntest\\test_updateVSdelet.py:266: AssertionError"}, "steps": [{"name": "FROM AUTH страница", "status": "failed", "statusDetails": {"message": "AssertionError: Page URL expected to be 'https://the-internet.herokuapp.com/from_auth'\nActual value: https://the-internet.herokuapp.com/login \nCall log:\n  - Expect \"to_have_url\" with timeout 5000ms\n    9 × unexpected value \"https://the-internet.herokuapp.com/login\"\n\n", "trace": "  File \"C:\\Users\\damir\\AppData\\Local\\Programs\\Python\\Python313\\Lib\\site-packages\\allure_commons\\_allure.py\", line 202, in impl\n    return func(*a, **kw)\n  File \"E:\\proekt\\pet_proekt\\test\\test_updateVSdelet.py\", line 266, in test_from_auth\n    expect(main_page.page).to_have_url(Links.FROM_AUTH)\n    ~~~~~~~~~~~~~~~~~~~~~~~~~~~~~~~~~~^^^^^^^^^^^^^^^^^\n  File \"C:\\Users\\damir\\AppData\\Local\\Programs\\Python\\Python313\\Lib\\site-packages\\playwright\\sync_api\\_generated.py\", line 19086, in to_have_url\n    self._sync(\n    ~~~~~~~~~~^\n        self._impl_obj.to_have_url(\n        ^^^^^^^^^^^^^^^^^^^^^^^^^^^\n            urlOrRegExp=url_or_reg_exp, timeout=timeout, ignoreCase=ignore_case\n            ^^^^^^^^^^^^^^^^^^^^^^^^^^^^^^^^^^^^^^^^^^^^^^^^^^^^^^^^^^^^^^^^^^^\n        )\n        ^\n    )\n    ^\n  File \"C:\\Users\\damir\\AppData\\Local\\Programs\\Python\\Python313\\Lib\\site-packages\\playwright\\_impl\\_sync_base.py\", line 115, in _sync\n    return task.result()\n           ~~~~~~~~~~~^^\n  File \"C:\\Users\\damir\\AppData\\Local\\Programs\\Python\\Python313\\Lib\\site-packages\\playwright\\_impl\\_assertions.py\", line 145, in to_have_url\n    await self._expect_impl(\n    ...<5 lines>...\n    )\n  File \"C:\\Users\\damir\\AppData\\Local\\Programs\\Python\\Python313\\Lib\\site-packages\\playwright\\_impl\\_assertions.py\", line 83, in _expect_impl\n    raise AssertionError(\n        f\"{out_message}\\nActual value: {actual} {format_call_log(result.get('log'))}\"\n    )\n"}, "steps": [{"name": "Открываем основную страницу", "status": "passed", "start": 1763565096182, "stop": 1763565101211}, {"name": "Открываем страницу FROM AUTH", "status": "failed", "statusDetails": {"message": "AssertionError: Page URL expected to be 'https://the-internet.herokuapp.com/from_auth'\nActual value: https://the-internet.herokuapp.com/login \nCall log:\n  - Expect \"to_have_url\" with timeout 5000ms\n    9 × unexpected value \"https://the-internet.herokuapp.com/login\"\n\n", "trace": "  File \"E:\\proekt\\pet_proekt\\test\\test_updateVSdelet.py\", line 266, in test_from_auth\n    expect(main_page.page).to_have_url(Links.FROM_AUTH)\n    ~~~~~~~~~~~~~~~~~~~~~~~~~~~~~~~~~~^^^^^^^^^^^^^^^^^\n  File \"C:\\Users\\damir\\AppData\\Local\\Programs\\Python\\Python313\\Lib\\site-packages\\playwright\\sync_api\\_generated.py\", line 19086, in to_have_url\n    self._sync(\n    ~~~~~~~~~~^\n        self._impl_obj.to_have_url(\n        ^^^^^^^^^^^^^^^^^^^^^^^^^^^\n            urlOrRegExp=url_or_reg_exp, timeout=timeout, ignoreCase=ignore_case\n            ^^^^^^^^^^^^^^^^^^^^^^^^^^^^^^^^^^^^^^^^^^^^^^^^^^^^^^^^^^^^^^^^^^^\n        )\n        ^\n    )\n    ^\n  File \"C:\\Users\\damir\\AppData\\Local\\Programs\\Python\\Python313\\Lib\\site-packages\\playwright\\_impl\\_sync_base.py\", line 115, in _sync\n    return task.result()\n           ~~~~~~~~~~~^^\n  File \"C:\\Users\\damir\\AppData\\Local\\Programs\\Python\\Python313\\Lib\\site-packages\\playwright\\_impl\\_assertions.py\", line 145, in to_have_url\n    await self._expect_impl(\n    ...<5 lines>...\n    )\n  File \"C:\\Users\\damir\\AppData\\Local\\Programs\\Python\\Python313\\Lib\\site-packages\\playwright\\_impl\\_assertions.py\", line 83, in _expect_impl\n    raise AssertionError(\n        f\"{out_message}\\nActual value: {actual} {format_call_log(result.get('log'))}\"\n    )\n"}, "start": 1763565101211, "stop": 1763565106434}], "parameters": [{"name": "main_page", "value": "<selector.main_page.MainPage object at 0x000001CDA5D5C440>"}], "start": 1763565096182, "stop": 1763565106435}], "attachments": [{"name": "page_screenshot", "source": "ba394e69-6a8a-4d8b-aa0c-6d6c30b26256-attachment.png", "type": "image/png"}, {"name": "page_source", "source": "e994400f-f896-4919-9839-354f1cdcebdc-attachment.html", "type": "text/html"}], "parameters": [{"name": "browser_name", "value": "'chromium'"}], "start": 1763565096182, "stop": 1763565106436, "uuid": "1a035fda-9929-4d00-bc8d-fe79fdf9f732", "historyId": "9c072628c4bce56249902ac3aca6e8f3", "testCaseId": "0c906d5ad69c5a89f11c0b856be1e924", "fullName": "test.test_updateVSdelet.TestMainPage#test_from_auth", "labels": [{"name": "feature", "value": "Главная страница"}, {"name": "parentSuite", "value": "test"}, {"name": "suite", "value": "test_updateVSdelet"}, {"name": "subSuite", "value": "TestMainPage"}, {"name": "host", "value": "QA_Boss"}, {"name": "thread", "value": "25596-MainThread"}, {"name": "framework", "value": "pytest"}, {"name": "language", "value": "cpython3"}, {"name": "package", "value": "test.test_updateVSdelet"}], "titlePath": ["test", "test_updateVSdelet.py", "TestMainPage"]}