{"name": "CHECKBOXES страница", "status": "failed", "statusDetails": {"message": "AssertionError: Page URL expected to be 'https://the-internet.herokuapp.com/checkboxes/'\nActual value: https://the-internet.herokuapp.com/checkboxes \nCall log:\n  - Expect \"to_have_url\" with timeout 5000ms\n    9 × unexpected value \"https://the-internet.herokuapp.com/checkboxes\"", "trace": "self = <test_updateVSdelet.TestMainPage object at 0x00000212803D62C0>\nmain_page = <selector.main_page.MainPage object at 0x0000021280462D50>\n\n    @allure.title(\"CHECKBOXES страница\")\n    def test_checkboxes(self, main_page: MainPage):\n        with allure.step(\"Открываем основную страницу\"):\n            main_page.navigate()\n    \n        with allure.step(\"Открываем страницу CHECKBOXES\"):\n            main_page.page.click(SelectMainPage.SELECT_MAIN_PAGE_CHECKBOXES)\n>           expect(main_page.page).to_have_url(Links.CHECKBOXES)\nE           AssertionError: Page URL expected to be 'https://the-internet.herokuapp.com/checkboxes/'\nE           Actual value: https://the-internet.herokuapp.com/checkboxes \nE           Call log:\nE             - Expect \"to_have_url\" with timeout 5000ms\nE               9 × unexpected value \"https://the-internet.herokuapp.com/checkboxes\"\n\ntest\\test_updateVSdelet.py:48: AssertionError"}, "steps": [{"name": "Открываем основную страницу", "status": "passed", "start": 1763298975686, "stop": 1763298977907}, {"name": "Открываем страницу CHECKBOXES", "status": "failed", "statusDetails": {"message": "AssertionError: Page URL expected to be 'https://the-internet.herokuapp.com/checkboxes/'\nActual value: https://the-internet.herokuapp.com/checkboxes \nCall log:\n  - Expect \"to_have_url\" with timeout 5000ms\n    9 × unexpected value \"https://the-internet.herokuapp.com/checkboxes\"\n\n", "trace": "  File \"E:\\proekt\\pet_proekt\\test\\test_updateVSdelet.py\", line 48, in test_checkboxes\n    expect(main_page.page).to_have_url(Links.CHECKBOXES)\n    ~~~~~~~~~~~~~~~~~~~~~~~~~~~~~~~~~~^^^^^^^^^^^^^^^^^^\n  File \"C:\\Users\\damir\\AppData\\Local\\Programs\\Python\\Python313\\Lib\\site-packages\\playwright\\sync_api\\_generated.py\", line 19086, in to_have_url\n    self._sync(\n    ~~~~~~~~~~^\n        self._impl_obj.to_have_url(\n        ^^^^^^^^^^^^^^^^^^^^^^^^^^^\n            urlOrRegExp=url_or_reg_exp, timeout=timeout, ignoreCase=ignore_case\n            ^^^^^^^^^^^^^^^^^^^^^^^^^^^^^^^^^^^^^^^^^^^^^^^^^^^^^^^^^^^^^^^^^^^\n        )\n        ^\n    )\n    ^\n  File \"C:\\Users\\damir\\AppData\\Local\\Programs\\Python\\Python313\\Lib\\site-packages\\playwright\\_impl\\_sync_base.py\", line 115, in _sync\n    return task.result()\n           ~~~~~~~~~~~^^\n  File \"C:\\Users\\damir\\AppData\\Local\\Programs\\Python\\Python313\\Lib\\site-packages\\playwright\\_impl\\_assertions.py\", line 145, in to_have_url\n    await self._expect_impl(\n    ...<5 lines>...\n    )\n  File \"C:\\Users\\damir\\AppData\\Local\\Programs\\Python\\Python313\\Lib\\site-packages\\playwright\\_impl\\_assertions.py\", line 83, in _expect_impl\n    raise AssertionError(\n        f\"{out_message}\\nActual value: {actual} {format_call_log(result.get('log'))}\"\n    )\n"}, "start": 1763298977907, "stop": 1763298983109}], "attachments": [{"name": "page_screenshot", "source": "84fb218a-92e3-4e9e-8198-db22cba26d68-attachment.png", "type": "image/png"}, {"name": "page_source", "source": "b62bdf5c-6095-4ce7-90a3-b1fd2cd77005-attachment.html", "type": "text/html"}], "parameters": [{"name": "browser_name", "value": "'chromium'"}], "start": 1763298975685, "stop": 1763298983110, "uuid": "fe6a44eb-3301-4a70-bef1-44ebcd9392e0", "historyId": "119d8f2aed85284bba1535546857b7ff", "testCaseId": "ced2ac15d7902bdf2eb5da8f54f47a97", "fullName": "test.test_updateVSdelet.TestMainPage#test_checkboxes", "labels": [{"name": "feature", "value": "Главная страница"}, {"name": "parentSuite", "value": "test"}, {"name": "suite", "value": "test_updateVSdelet"}, {"name": "subSuite", "value": "TestMainPage"}, {"name": "host", "value": "QA_Boss"}, {"name": "thread", "value": "7684-MainThread"}, {"name": "framework", "value": "pytest"}, {"name": "language", "value": "cpython3"}, {"name": "package", "value": "test.test_updateVSdelet"}], "titlePath": ["test", "test_updateVSdelet.py", "TestMainPage"]}