{"name": "test_frame_loading[chromium]", "status": "failed", "statusDetails": {"message": "AssertionError: Ожидался текст LEFT, был получен <Locator frame=<Frame name= url='https://the-internet.herokuapp.com/nested_frames'> selector='frame[name=\"frame-left\"] >> internal:control=enter-frame >> text=LEFT'>\nassert <Locator frame=<Frame name= url='https://the-internet.herokuapp.com/nested_frames'> selector='frame[name=\"frame-left\"] >> internal:control=enter-frame >> text=LEFT'> == 'LEFT'", "trace": "self = <test_updateVSdelet.TestMainPage object at 0x0000012F71A35D60>\nmain_page = <selector.main_page.MainPage object at 0x0000012F720DC440>\n\n    @allure.step('')\n    def test_frame_loading(self, main_page: MainPage):\n        with allure.step(''):\n            main_page.navigate()\n    \n        with allure.step(''):\n            main_page.page.click(SelectMainPage.SELECT_MAIN_PAGE_FRAMES)\n            expect(main_page.page).to_have_url(Links.FRAMES)\n    \n        with allure.step(''):\n            main_page.page.click(SelectMainPage.SELECT_MAIN_PAGE_FRAMES_NESTED)\n            expect(main_page.page).to_have_url(Links.FRAMES_NESTED)\n    \n        with allure.step(''):\n            frame_locator = main_page.page.frame_locator(NestedFramesElement.SELECT_FRAME_LEFT)\n    \n        with allure.step(''):\n            text_left_frame = frame_locator.locator(NestedFramesElement.SELECT_FRAME_LEFT_HEADING)\n>           assert text_left_frame == \"LEFT\", f\"Ожидался текст LEFT, был получен {text_left_frame}\"\nE           AssertionError: Ожидался текст LEFT, был получен <Locator frame=<Frame name= url='https://the-internet.herokuapp.com/nested_frames'> selector='frame[name=\"frame-left\"] >> internal:control=enter-frame >> text=LEFT'>\nE           assert <Locator frame=<Frame name= url='https://the-internet.herokuapp.com/nested_frames'> selector='frame[name=\"frame-left\"] >> internal:control=enter-frame >> text=LEFT'> == 'LEFT'\n\ntest\\test_updateVSdelet.py:253: AssertionError"}, "steps": [{"status": "failed", "statusDetails": {"message": "AssertionError: Ожидался текст LEFT, был получен <Locator frame=<Frame name= url='https://the-internet.herokuapp.com/nested_frames'> selector='frame[name=\"frame-left\"] >> internal:control=enter-frame >> text=LEFT'>\nassert <Locator frame=<Frame name= url='https://the-internet.herokuapp.com/nested_frames'> selector='frame[name=\"frame-left\"] >> internal:control=enter-frame >> text=LEFT'> == 'LEFT'\n", "trace": "  File \"C:\\Users\\damir\\AppData\\Local\\Programs\\Python\\Python313\\Lib\\site-packages\\allure_commons\\_allure.py\", line 202, in impl\n    return func(*a, **kw)\n  File \"E:\\proekt\\pet_proekt\\test\\test_updateVSdelet.py\", line 253, in test_frame_loading\n    assert text_left_frame == \"LEFT\", f\"Ожидался текст LEFT, был получен {text_left_frame}\"\n"}, "steps": [{"status": "passed", "start": 1763560198446, "stop": 1763560203471}, {"status": "passed", "start": 1763560203471, "stop": 1763560203729}, {"status": "passed", "start": 1763560203729, "stop": 1763560203933}, {"status": "passed", "start": 1763560203933, "stop": 1763560203933}, {"status": "failed", "statusDetails": {"message": "AssertionError: Ожидался текст LEFT, был получен <Locator frame=<Frame name= url='https://the-internet.herokuapp.com/nested_frames'> selector='frame[name=\"frame-left\"] >> internal:control=enter-frame >> text=LEFT'>\nassert <Locator frame=<Frame name= url='https://the-internet.herokuapp.com/nested_frames'> selector='frame[name=\"frame-left\"] >> internal:control=enter-frame >> text=LEFT'> == 'LEFT'\n", "trace": "  File \"E:\\proekt\\pet_proekt\\test\\test_updateVSdelet.py\", line 253, in test_frame_loading\n    assert text_left_frame == \"LEFT\", f\"Ожидался текст LEFT, был получен {text_left_frame}\"\n"}, "start": 1763560203933, "stop": 1763560203933}], "parameters": [{"name": "main_page", "value": "<selector.main_page.MainPage object at 0x0000012F720DC440>"}], "start": 1763560198446, "stop": 1763560203934}], "attachments": [{"name": "page_screenshot", "source": "b5dd6f2c-d742-4ef7-856c-d3784d7df420-attachment.png", "type": "image/png"}, {"name": "page_source", "source": "53adc68b-276f-4cd6-ace1-bca29b627a93-attachment.html", "type": "text/html"}], "parameters": [{"name": "browser_name", "value": "'chromium'"}], "start": 1763560198446, "stop": 1763560203935, "uuid": "168dde7b-af9f-4214-8dea-e8c1639fe0b8", "historyId": "d1351352b990cf74bd3a6b9d1a0c7cb7", "testCaseId": "3a9ddb006762903e7ab5fe1f451518b7", "fullName": "test.test_updateVSdelet.TestMainPage#test_frame_loading", "labels": [{"name": "feature", "value": "Главная страница"}, {"name": "parentSuite", "value": "test"}, {"name": "suite", "value": "test_updateVSdelet"}, {"name": "subSuite", "value": "TestMainPage"}, {"name": "host", "value": "QA_Boss"}, {"name": "thread", "value": "21972-MainThread"}, {"name": "framework", "value": "pytest"}, {"name": "language", "value": "cpython3"}, {"name": "package", "value": "test.test_updateVSdelet"}], "titlePath": ["test", "test_updateVSdelet.py", "TestMainPage"]}