{"name": "BROKEN IMAGES страница", "status": "failed", "statusDetails": {"message": "AssertionError: Page URL expected to be 'https://the-internet.herokuapp.com/broken_images/'\nActual value: https://the-internet.herokuapp.com/broken_images \nCall log:\n  - Expect \"to_have_url\" with timeout 5000ms\n    9 × unexpected value \"https://the-internet.herokuapp.com/broken_images\"", "trace": "self = <test_updateVSdelet.TestMainPage object at 0x0000021280460CD0>\nmain_page = <selector.main_page.MainPage object at 0x0000021280463610>\n\n    @allure.title(\"BROKEN IMAGES страница\")\n    def test_broken_images(self, main_page: MainPage):\n        with allure.step(\"Открываем основную страницу\"):\n            main_page.navigate()\n    \n        with allure.step(\"Открываем страницу BROKEN IMAGES\"):\n            main_page.page.click(SelectMainPage.SELECT_MAIN_PAGE_BROKEN_IMAGES)\n>           expect(main_page.page).to_have_url(Links.BROKEN_IMAGES)\nE           AssertionError: Page URL expected to be 'https://the-internet.herokuapp.com/broken_images/'\nE           Actual value: https://the-internet.herokuapp.com/broken_images \nE           Call log:\nE             - Expect \"to_have_url\" with timeout 5000ms\nE               9 × unexpected value \"https://the-internet.herokuapp.com/broken_images\"\n\ntest\\test_updateVSdelet.py:34: AssertionError"}, "steps": [{"name": "Открываем основную страницу", "status": "passed", "start": 1763298968069, "stop": 1763298970317}, {"name": "Открываем страницу BROKEN IMAGES", "status": "failed", "statusDetails": {"message": "AssertionError: Page URL expected to be 'https://the-internet.herokuapp.com/broken_images/'\nActual value: https://the-internet.herokuapp.com/broken_images \nCall log:\n  - Expect \"to_have_url\" with timeout 5000ms\n    9 × unexpected value \"https://the-internet.herokuapp.com/broken_images\"\n\n", "trace": "  File \"E:\\proekt\\pet_proekt\\test\\test_updateVSdelet.py\", line 34, in test_broken_images\n    expect(main_page.page).to_have_url(Links.BROKEN_IMAGES)\n    ~~~~~~~~~~~~~~~~~~~~~~~~~~~~~~~~~~^^^^^^^^^^^^^^^^^^^^^\n  File \"C:\\Users\\damir\\AppData\\Local\\Programs\\Python\\Python313\\Lib\\site-packages\\playwright\\sync_api\\_generated.py\", line 19086, in to_have_url\n    self._sync(\n    ~~~~~~~~~~^\n        self._impl_obj.to_have_url(\n        ^^^^^^^^^^^^^^^^^^^^^^^^^^^\n            urlOrRegExp=url_or_reg_exp, timeout=timeout, ignoreCase=ignore_case\n            ^^^^^^^^^^^^^^^^^^^^^^^^^^^^^^^^^^^^^^^^^^^^^^^^^^^^^^^^^^^^^^^^^^^\n        )\n        ^\n    )\n    ^\n  File \"C:\\Users\\damir\\AppData\\Local\\Programs\\Python\\Python313\\Lib\\site-packages\\playwright\\_impl\\_sync_base.py\", line 115, in _sync\n    return task.result()\n           ~~~~~~~~~~~^^\n  File \"C:\\Users\\damir\\AppData\\Local\\Programs\\Python\\Python313\\Lib\\site-packages\\playwright\\_impl\\_assertions.py\", line 145, in to_have_url\n    await self._expect_impl(\n    ...<5 lines>...\n    )\n  File \"C:\\Users\\damir\\AppData\\Local\\Programs\\Python\\Python313\\Lib\\site-packages\\playwright\\_impl\\_assertions.py\", line 83, in _expect_impl\n    raise AssertionError(\n        f\"{out_message}\\nActual value: {actual} {format_call_log(result.get('log'))}\"\n    )\n"}, "start": 1763298970318, "stop": 1763298975525}], "attachments": [{"name": "page_screenshot", "source": "9c24fc3b-8a89-4241-8e15-cef476a4ef27-attachment.png", "type": "image/png"}, {"name": "page_source", "source": "db7603fa-1948-4f07-b10e-e3972895b608-attachment.html", "type": "text/html"}], "parameters": [{"name": "browser_name", "value": "'chromium'"}], "start": 1763298968069, "stop": 1763298975526, "uuid": "7333a946-2fab-4e9b-9f65-beb5a2194334", "historyId": "dbf3caf37a229b8f3ac6cd757c936e0a", "testCaseId": "6847e584cacf556b4b64ba0cc7396a71", "fullName": "test.test_updateVSdelet.TestMainPage#test_broken_images", "labels": [{"name": "feature", "value": "Главная страница"}, {"name": "parentSuite", "value": "test"}, {"name": "suite", "value": "test_updateVSdelet"}, {"name": "subSuite", "value": "TestMainPage"}, {"name": "host", "value": "QA_Boss"}, {"name": "thread", "value": "7684-MainThread"}, {"name": "framework", "value": "pytest"}, {"name": "language", "value": "cpython3"}, {"name": "package", "value": "test.test_updateVSdelet"}], "titlePath": ["test", "test_updateVSdelet.py", "TestMainPage"]}