{"name": "test_from_auth_invalid_pass[chromium]", "status": "failed", "statusDetails": {"message": "AssertionError: Ожидался текст Your username is invalid!, был получен Your password is invalid!\nassert 'Your password is invalid!' == 'Your username is invalid!'\n  \n  - Your username is invalid!\n  ?      ^ ^ ^^^^\n  + Your password is invalid!\n  ?      ^^ ^^^ ^", "trace": "self = <test_updateVSdelet.TestMainPage object at 0x000001A8506AA510>\nmain_page = <selector.main_page.MainPage object at 0x000001A85098C440>\n\n    @allure.step('FROM AUTH страница')\n    def test_from_auth_invalid_pass(self, main_page: MainPage):\n        with allure.step('Открываем основную страницу'):\n            main_page.navigate()\n    \n        with allure.step('Открываем страницу FROM AUTH'):\n            main_page.page.click(SelectMainPage.SELECT_MAIN_PAGE_FROM_AUTH)\n            expect(main_page.page).to_have_url(Links.FROM_AUTH)\n    \n        with allure.step('Открываем страницу FRAMES NESTED'):\n            main_page.page.locator(FromAuthElement.SELECT_FROM_AUTH_INPUT_USERNAME).fill(InvalidPassDateUser.USER_LOGIN)\n            main_page.page.locator(FromAuthElement.SELECT_FROM_AUTH_INPUT_PASSWORD).fill(InvalidPassDateUser.USER_PASSWORD)\n            main_page.page.click(FromAuthElement.SELECT_FROM_AUTH_BUTTON)\n    \n        with allure.step('Отображение сообщения об ошибке'):\n            mess = main_page.page.locator(FromAuthElement.SELECT_FROM_AUTH_ERROR_MESS).text_content().strip().split('\\n')[0].strip()\n>           assert mess == 'Your username is invalid!', f\"Ожидался текст Your username is invalid!, был получен {mess}\"\nE           AssertionError: Ожидался текст Your username is invalid!, был получен Your password is invalid!\nE           assert 'Your password is invalid!' == 'Your username is invalid!'\nE             \nE             - Your username is invalid!\nE             ?      ^ ^ ^^^^\nE             + Your password is invalid!\nE             ?      ^^ ^^^ ^\n\ntest\\test_updateVSdelet.py:293: AssertionError"}, "steps": [{"name": "FROM AUTH страница", "status": "failed", "statusDetails": {"message": "AssertionError: Ожидался текст Your username is invalid!, был получен Your password is invalid!\nassert 'Your password is invalid!' == 'Your username is invalid!'\n  \n  - Your username is invalid!\n  ?      ^ ^ ^^^^\n  + Your password is invalid!\n  ?      ^^ ^^^ ^\n", "trace": "  File \"C:\\Users\\damir\\AppData\\Local\\Programs\\Python\\Python313\\Lib\\site-packages\\allure_commons\\_allure.py\", line 202, in impl\n    return func(*a, **kw)\n  File \"E:\\proekt\\pet_proekt\\test\\test_updateVSdelet.py\", line 293, in test_from_auth_invalid_pass\n    assert mess == 'Your username is invalid!', f\"Ожидался текст Your username is invalid!, был получен {mess}\"\n"}, "steps": [{"name": "Открываем основную страницу", "status": "passed", "start": 1763565757256, "stop": 1763565759550}, {"name": "Открываем страницу FROM AUTH", "status": "passed", "start": 1763565759550, "stop": 1763565759776}, {"name": "Открываем страницу FRAMES NESTED", "status": "passed", "start": 1763565759776, "stop": 1763565760121}, {"name": "Отображение сообщения об ошибке", "status": "failed", "statusDetails": {"message": "AssertionError: Ожидался текст Your username is invalid!, был получен Your password is invalid!\nassert 'Your password is invalid!' == 'Your username is invalid!'\n  \n  - Your username is invalid!\n  ?      ^ ^ ^^^^\n  + Your password is invalid!\n  ?      ^^ ^^^ ^\n", "trace": "  File \"E:\\proekt\\pet_proekt\\test\\test_updateVSdelet.py\", line 293, in test_from_auth_invalid_pass\n    assert mess == 'Your username is invalid!', f\"Ожидался текст Your username is invalid!, был получен {mess}\"\n"}, "start": 1763565760121, "stop": 1763565760139}], "parameters": [{"name": "main_page", "value": "<selector.main_page.MainPage object at 0x000001A85098C440>"}], "start": 1763565757256, "stop": 1763565760139}], "attachments": [{"name": "page_screenshot", "source": "4d30ada2-5f81-4fce-8b30-6c7ae22472d9-attachment.png", "type": "image/png"}, {"name": "page_source", "source": "960fefce-20a6-4bcd-ba6b-f75275f67724-attachment.html", "type": "text/html"}], "parameters": [{"name": "browser_name", "value": "'chromium'"}], "start": 1763565757256, "stop": 1763565760140, "uuid": "8d37c069-0185-4218-8101-dcd3f93cec3c", "historyId": "d6b307fa75c8eb0ceec517fba7314d77", "testCaseId": "838a8dd7530fe6c81087cb5d764dc3a2", "fullName": "test.test_updateVSdelet.TestMainPage#test_from_auth_invalid_pass", "labels": [{"name": "feature", "value": "Главная страница"}, {"name": "parentSuite", "value": "test"}, {"name": "suite", "value": "test_updateVSdelet"}, {"name": "subSuite", "value": "TestMainPage"}, {"name": "host", "value": "QA_Boss"}, {"name": "thread", "value": "26176-MainThread"}, {"name": "framework", "value": "pytest"}, {"name": "language", "value": "cpython3"}, {"name": "package", "value": "test.test_updateVSdelet"}], "titlePath": ["test", "test_updateVSdelet.py", "TestMainPage"]}