{"uid":"a9d74049268253aa","name":"test_all_auth[chromium-admin-admin-True]","fullName":"test.test_updateVSdelet.TestMainPage#test_all_auth","historyId":"d6df6be398ca70659c979976f0e9c104","time":{"start":1764783399688,"stop":1764783410110,"duration":10422},"status":"failed","statusMessage":"AssertionError: Locator expected to be visible\nActual value: <element(s) not found> \nCall log:\n  - Expect \"to_be_visible\" with timeout 5000ms\n  - waiting for locator(\"#content\")","statusTrace":"self = <test_updateVSdelet.TestMainPage object at 0x000001F2CDAE38C0>\nusername = 'admin', password = 'admin', status_auth = True\nmain_page = <selector.main_page.MainPage object at 0x000001F2CDB82BA0>\n\n    @pytest.mark.parametrize(\"username, password, status_auth\", [\n    (\"admin\", \"admin\", True),\n    (\"admin\", \"wrong\", False),\n    (\"wrong\", \"admin\", False),\n    (\"\", \"\", False)])\n    @allure.step('')\n    def test_all_auth(self, username, password, status_auth, main_page):\n        with allure.step('Создание контекста с тестовыми данными'):\n            browser = main_page.page.context.browser\n            context = browser.new_context(\n                http_credentials={\n                    'username': username,\n                    'password': password\n                } if username or password else None\n            )\n            auth_page = context.new_page()\n    \n        with allure.step(''):\n            auth_page.goto(\"https://the-internet.herokuapp.com/basic_auth\")\n    \n        with allure.step(''):\n            if status_auth:\n>               expect(main_page.page.locator('#content')).to_be_visible()\nE               AssertionError: Locator expected to be visible\nE               Actual value: <element(s) not found> \nE               Call log:\nE                 - Expect \"to_be_visible\" with timeout 5000ms\nE                 - waiting for locator(\"#content\")\n\ntest\\test_updateVSdelet.py:465: AssertionError","flaky":false,"newFailed":false,"newBroken":false,"newPassed":false,"retriesCount":0,"retriesStatusChange":false,"beforeStages":[{"name":"_session_faker","time":{"start":1764783399109,"stop":1764783399175,"duration":66},"status":"passed","steps":[],"attachments":[],"parameters":[],"stepsCount":0,"attachmentStep":false,"hasContent":false,"shouldDisplayMessage":false,"attachmentsCount":0},{"name":"_verify_url","time":{"start":1764783399175,"stop":1764783399175,"duration":0},"status":"passed","steps":[],"attachments":[],"parameters":[],"stepsCount":0,"attachmentStep":false,"hasContent":false,"shouldDisplayMessage":false,"attachmentsCount":0},{"name":"pytestconfig","time":{"start":1764783399175,"stop":1764783399175,"duration":0},"status":"passed","steps":[],"attachments":[],"parameters":[],"stepsCount":0,"attachmentStep":false,"hasContent":false,"shouldDisplayMessage":false,"attachmentsCount":0},{"name":"base_url","time":{"start":1764783399175,"stop":1764783399175,"duration":0},"status":"passed","steps":[],"attachments":[],"parameters":[],"stepsCount":0,"attachmentStep":false,"hasContent":false,"shouldDisplayMessage":false,"attachmentsCount":0},{"name":"playwright","time":{"start":1764783399175,"stop":1764783399539,"duration":364},"status":"passed","steps":[],"attachments":[],"parameters":[],"stepsCount":0,"attachmentStep":false,"hasContent":false,"shouldDisplayMessage":false,"attachmentsCount":0},{"name":"browser_type_launch_args","time":{"start":1764783399175,"stop":1764783399175,"duration":0},"status":"passed","steps":[],"attachments":[],"parameters":[],"stepsCount":0,"attachmentStep":false,"hasContent":false,"shouldDisplayMessage":false,"attachmentsCount":0},{"name":"delete_output_dir","time":{"start":1764783399175,"stop":1764783399175,"duration":0},"status":"passed","steps":[],"attachments":[],"parameters":[],"stepsCount":0,"attachmentStep":false,"hasContent":false,"shouldDisplayMessage":false,"attachmentsCount":0},{"name":"launch_browser","time":{"start":1764783399539,"stop":1764783399539,"duration":0},"status":"passed","steps":[],"attachments":[],"parameters":[],"stepsCount":0,"attachmentStep":false,"hasContent":false,"shouldDisplayMessage":false,"attachmentsCount":0},{"name":"browser_type","time":{"start":1764783399539,"stop":1764783399539,"duration":0},"status":"passed","steps":[],"attachments":[],"parameters":[],"stepsCount":0,"attachmentStep":false,"hasContent":false,"shouldDisplayMessage":false,"attachmentsCount":0},{"name":"browser","time":{"start":1764783399539,"stop":1764783399599,"duration":60},"status":"passed","steps":[],"attachments":[],"parameters":[],"stepsCount":0,"attachmentStep":false,"hasContent":false,"shouldDisplayMessage":false,"attachmentsCount":0},{"name":"connect_options","time":{"start":1764783399539,"stop":1764783399539,"duration":0},"status":"passed","steps":[],"attachments":[],"parameters":[],"stepsCount":0,"attachmentStep":false,"hasContent":false,"shouldDisplayMessage":false,"attachmentsCount":0},{"name":"device","time":{"start":1764783399599,"stop":1764783399599,"duration":0},"status":"passed","steps":[],"attachments":[],"parameters":[],"stepsCount":0,"attachmentStep":false,"hasContent":false,"shouldDisplayMessage":false,"attachmentsCount":0},{"name":"_pw_artifacts_folder","time":{"start":1764783399599,"stop":1764783399600,"duration":1},"status":"passed","steps":[],"attachments":[],"parameters":[],"stepsCount":0,"attachmentStep":false,"hasContent":false,"shouldDisplayMessage":false,"attachmentsCount":0},{"name":"browser_context_args","time":{"start":1764783399600,"stop":1764783399600,"duration":0},"status":"passed","steps":[],"attachments":[],"parameters":[],"stepsCount":0,"attachmentStep":false,"hasContent":false,"shouldDisplayMessage":false,"attachmentsCount":0},{"name":"output_path","time":{"start":1764783399600,"stop":1764783399601,"duration":1},"status":"passed","steps":[],"attachments":[],"parameters":[],"stepsCount":0,"attachmentStep":false,"hasContent":false,"shouldDisplayMessage":false,"attachmentsCount":0},{"name":"new_context","time":{"start":1764783399601,"stop":1764783399601,"duration":0},"status":"passed","steps":[],"attachments":[],"parameters":[],"stepsCount":0,"attachmentStep":false,"hasContent":false,"shouldDisplayMessage":false,"attachmentsCount":0},{"name":"_artifacts_recorder","time":{"start":1764783399601,"stop":1764783399601,"duration":0},"status":"passed","steps":[],"attachments":[],"parameters":[],"stepsCount":0,"attachmentStep":false,"hasContent":false,"shouldDisplayMessage":false,"attachmentsCount":0},{"name":"context","time":{"start":1764783399601,"stop":1764783399609,"duration":8},"status":"passed","steps":[],"attachments":[],"parameters":[],"stepsCount":0,"attachmentStep":false,"hasContent":false,"shouldDisplayMessage":false,"attachmentsCount":0},{"name":"page","time":{"start":1764783399609,"stop":1764783399687,"duration":78},"status":"passed","steps":[],"attachments":[],"parameters":[],"stepsCount":0,"attachmentStep":false,"hasContent":false,"shouldDisplayMessage":false,"attachmentsCount":0},{"name":"main_page","time":{"start":1764783399687,"stop":1764783399687,"duration":0},"status":"passed","steps":[],"attachments":[],"parameters":[],"stepsCount":0,"attachmentStep":false,"hasContent":false,"shouldDisplayMessage":false,"attachmentsCount":0}],"testStage":{"status":"failed","statusMessage":"AssertionError: Locator expected to be visible\nActual value: <element(s) not found> \nCall log:\n  - Expect \"to_be_visible\" with timeout 5000ms\n  - waiting for locator(\"#content\")","statusTrace":"self = <test_updateVSdelet.TestMainPage object at 0x000001F2CDAE38C0>\nusername = 'admin', password = 'admin', status_auth = True\nmain_page = <selector.main_page.MainPage object at 0x000001F2CDB82BA0>\n\n    @pytest.mark.parametrize(\"username, password, status_auth\", [\n    (\"admin\", \"admin\", True),\n    (\"admin\", \"wrong\", False),\n    (\"wrong\", \"admin\", False),\n    (\"\", \"\", False)])\n    @allure.step('')\n    def test_all_auth(self, username, password, status_auth, main_page):\n        with allure.step('Создание контекста с тестовыми данными'):\n            browser = main_page.page.context.browser\n            context = browser.new_context(\n                http_credentials={\n                    'username': username,\n                    'password': password\n                } if username or password else None\n            )\n            auth_page = context.new_page()\n    \n        with allure.step(''):\n            auth_page.goto(\"https://the-internet.herokuapp.com/basic_auth\")\n    \n        with allure.step(''):\n            if status_auth:\n>               expect(main_page.page.locator('#content')).to_be_visible()\nE               AssertionError: Locator expected to be visible\nE               Actual value: <element(s) not found> \nE               Call log:\nE                 - Expect \"to_be_visible\" with timeout 5000ms\nE                 - waiting for locator(\"#content\")\n\ntest\\test_updateVSdelet.py:465: AssertionError","steps":[{"time":{"start":1764783399688,"stop":1764783410109,"duration":10421},"status":"failed","statusMessage":"AssertionError: Locator expected to be visible\nActual value: <element(s) not found> \nCall log:\n  - Expect \"to_be_visible\" with timeout 5000ms\n  - waiting for locator(\"#content\")\n\n","statusTrace":"  File \"C:\\Users\\damir\\AppData\\Local\\Programs\\Python\\Python313\\Lib\\site-packages\\allure_commons\\_allure.py\", line 202, in impl\n    return func(*a, **kw)\n  File \"E:\\proekt\\pet_proekt\\test\\test_updateVSdelet.py\", line 465, in test_all_auth\n    expect(main_page.page.locator('#content')).to_be_visible()\n    ~~~~~~~~~~~~~~~~~~~~~~~~~~~~~~~~~~~~~~~~~~~~~~~~~~~~~~~~^^\n  File \"C:\\Users\\damir\\AppData\\Local\\Programs\\Python\\Python313\\Lib\\site-packages\\playwright\\sync_api\\_generated.py\", line 20424, in to_be_visible\n    self._sync(self._impl_obj.to_be_visible(visible=visible, timeout=timeout))\n    ~~~~~~~~~~^^^^^^^^^^^^^^^^^^^^^^^^^^^^^^^^^^^^^^^^^^^^^^^^^^^^^^^^^^^^^^^^\n  File \"C:\\Users\\damir\\AppData\\Local\\Programs\\Python\\Python313\\Lib\\site-packages\\playwright\\_impl\\_sync_base.py\", line 115, in _sync\n    return task.result()\n           ~~~~~~~~~~~^^\n  File \"C:\\Users\\damir\\AppData\\Local\\Programs\\Python\\Python313\\Lib\\site-packages\\playwright\\_impl\\_assertions.py\", line 763, in to_be_visible\n    await self._expect_impl(\n    ...<5 lines>...\n    )\n  File \"C:\\Users\\damir\\AppData\\Local\\Programs\\Python\\Python313\\Lib\\site-packages\\playwright\\_impl\\_assertions.py\", line 83, in _expect_impl\n    raise AssertionError(\n        f\"{out_message}\\nActual value: {actual} {format_call_log(result.get('log'))}\"\n    )\n","steps":[{"name":"Создание контекста с тестовыми данными","time":{"start":1764783399688,"stop":1764783399722,"duration":34},"status":"passed","steps":[],"attachments":[],"parameters":[],"stepsCount":0,"attachmentStep":false,"hasContent":false,"shouldDisplayMessage":false,"attachmentsCount":0},{"time":{"start":1764783399722,"stop":1764783405101,"duration":5379},"status":"passed","steps":[],"attachments":[],"parameters":[],"stepsCount":0,"attachmentStep":false,"hasContent":false,"shouldDisplayMessage":false,"attachmentsCount":0},{"time":{"start":1764783405102,"stop":1764783410108,"duration":5006},"status":"failed","statusMessage":"AssertionError: Locator expected to be visible\nActual value: <element(s) not found> \nCall log:\n  - Expect \"to_be_visible\" with timeout 5000ms\n  - waiting for locator(\"#content\")\n\n","statusTrace":"  File \"E:\\proekt\\pet_proekt\\test\\test_updateVSdelet.py\", line 465, in test_all_auth\n    expect(main_page.page.locator('#content')).to_be_visible()\n    ~~~~~~~~~~~~~~~~~~~~~~~~~~~~~~~~~~~~~~~~~~~~~~~~~~~~~~~~^^\n  File \"C:\\Users\\damir\\AppData\\Local\\Programs\\Python\\Python313\\Lib\\site-packages\\playwright\\sync_api\\_generated.py\", line 20424, in to_be_visible\n    self._sync(self._impl_obj.to_be_visible(visible=visible, timeout=timeout))\n    ~~~~~~~~~~^^^^^^^^^^^^^^^^^^^^^^^^^^^^^^^^^^^^^^^^^^^^^^^^^^^^^^^^^^^^^^^^\n  File \"C:\\Users\\damir\\AppData\\Local\\Programs\\Python\\Python313\\Lib\\site-packages\\playwright\\_impl\\_sync_base.py\", line 115, in _sync\n    return task.result()\n           ~~~~~~~~~~~^^\n  File \"C:\\Users\\damir\\AppData\\Local\\Programs\\Python\\Python313\\Lib\\site-packages\\playwright\\_impl\\_assertions.py\", line 763, in to_be_visible\n    await self._expect_impl(\n    ...<5 lines>...\n    )\n  File \"C:\\Users\\damir\\AppData\\Local\\Programs\\Python\\Python313\\Lib\\site-packages\\playwright\\_impl\\_assertions.py\", line 83, in _expect_impl\n    raise AssertionError(\n        f\"{out_message}\\nActual value: {actual} {format_call_log(result.get('log'))}\"\n    )\n","steps":[],"attachments":[],"parameters":[],"stepsCount":0,"attachmentStep":false,"hasContent":true,"shouldDisplayMessage":true,"attachmentsCount":0}],"attachments":[],"parameters":[{"name":"username","value":"'admin'"},{"name":"password","value":"'admin'"},{"name":"status_auth","value":"True"},{"name":"main_page","value":"<selector.main_page.MainPage object at 0x000001F2CDB82BA0>"}],"stepsCount":3,"attachmentStep":false,"hasContent":true,"shouldDisplayMessage":false,"attachmentsCount":0}],"attachments":[{"uid":"c8b64a7de73067df","name":"page_screenshot","source":"c8b64a7de73067df.png","type":"image/png","size":4253},{"uid":"ae11261575ea5d7d","name":"page_source","source":"ae11261575ea5d7d.html","type":"text/html","size":39}],"parameters":[],"stepsCount":4,"attachmentStep":false,"hasContent":true,"shouldDisplayMessage":true,"attachmentsCount":2},"afterStages":[{"name":"new_context::0","time":{"start":1764783410231,"stop":1764783410238,"duration":7},"status":"passed","steps":[],"attachments":[],"parameters":[],"stepsCount":0,"attachmentStep":false,"hasContent":false,"shouldDisplayMessage":false,"attachmentsCount":0},{"name":"_artifacts_recorder::0","time":{"start":1764783410239,"stop":1764783410239,"duration":0},"status":"passed","steps":[],"attachments":[],"parameters":[],"stepsCount":0,"attachmentStep":false,"hasContent":false,"shouldDisplayMessage":false,"attachmentsCount":0},{"name":"_pw_artifacts_folder::0","time":{"start":1764783412758,"stop":1764783412758,"duration":0},"status":"passed","steps":[],"attachments":[],"parameters":[],"stepsCount":0,"attachmentStep":false,"hasContent":false,"shouldDisplayMessage":false,"attachmentsCount":0},{"name":"browser::0","time":{"start":1764783412759,"stop":1764783412797,"duration":38},"status":"passed","steps":[],"attachments":[],"parameters":[],"stepsCount":0,"attachmentStep":false,"hasContent":false,"shouldDisplayMessage":false,"attachmentsCount":0},{"name":"playwright::0","time":{"start":1764783412799,"stop":1764783412807,"duration":8},"status":"passed","steps":[],"attachments":[],"parameters":[],"stepsCount":0,"attachmentStep":false,"hasContent":false,"shouldDisplayMessage":false,"attachmentsCount":0}],"labels":[{"name":"feature","value":"Главная страница"},{"name":"parentSuite","value":"test"},{"name":"suite","value":"test_updateVSdelet"},{"name":"subSuite","value":"TestMainPage"},{"name":"host","value":"QA_Boss"},{"name":"thread","value":"6568-MainThread"},{"name":"framework","value":"pytest"},{"name":"language","value":"cpython3"},{"name":"package","value":"test.test_updateVSdelet"},{"name":"resultFormat","value":"allure2"}],"parameters":[{"name":"browser_name","value":"'chromium'"},{"name":"password","value":"'admin'"},{"name":"status_auth","value":"True"},{"name":"username","value":"'admin'"}],"links":[],"hidden":true,"retry":true,"extra":{"categories":[],"tags":[]},"source":"a9d74049268253aa.json","parameterValues":["'chromium'","'admin'","True","'admin'"]}